{"/home/clark/dev/nightscout-lucid/src/App.tsx": {"path":"/home/clark/dev/nightscout-lucid/src/App.tsx","all":false,"statementMap":{"0":{"start":{"line":1,"column":0},"end":{"line":1,"column":33}},"1":{"start":{"line":2,"column":0},"end":{"line":2,"column":61}},"2":{"start":{"line":3,"column":0},"end":{"line":3,"column":57}},"3":{"start":{"line":4,"column":0},"end":{"line":4,"column":67}},"4":{"start":{"line":5,"column":0},"end":{"line":5,"column":19}},"6":{"start":{"line":7,"column":0},"end":{"line":7,"column":16}},"8":{"start":{"line":9,"column":0},"end":{"line":9,"column":33}},"9":{"start":{"line":10,"column":0},"end":{"line":10,"column":37}},"10":{"start":{"line":11,"column":0},"end":{"line":11,"column":37}},"13":{"start":{"line":14,"column":0},"end":{"line":14,"column":90}},"14":{"start":{"line":15,"column":0},"end":{"line":15,"column":96}},"15":{"start":{"line":16,"column":0},"end":{"line":16,"column":69}},"16":{"start":{"line":17,"column":0},"end":{"line":17,"column":50}},"17":{"start":{"line":18,"column":0},"end":{"line":18,"column":76}},"18":{"start":{"line":19,"column":0},"end":{"line":19,"column":5}},"20":{"start":{"line":21,"column":0},"end":{"line":21,"column":71}},"21":{"start":{"line":22,"column":0},"end":{"line":22,"column":48}},"22":{"start":{"line":23,"column":0},"end":{"line":23,"column":52}},"23":{"start":{"line":24,"column":0},"end":{"line":24,"column":23}},"24":{"start":{"line":25,"column":0},"end":{"line":25,"column":11}},"25":{"start":{"line":26,"column":0},"end":{"line":26,"column":48}},"26":{"start":{"line":27,"column":0},"end":{"line":27,"column":15}},"27":{"start":{"line":28,"column":0},"end":{"line":28,"column":20}},"28":{"start":{"line":29,"column":0},"end":{"line":29,"column":7}},"29":{"start":{"line":30,"column":0},"end":{"line":30,"column":5}},"30":{"start":{"line":31,"column":0},"end":{"line":31,"column":16}},"31":{"start":{"line":32,"column":0},"end":{"line":32,"column":5}},"33":{"start":{"line":34,"column":0},"end":{"line":34,"column":25}},"34":{"start":{"line":35,"column":0},"end":{"line":35,"column":32}},"35":{"start":{"line":36,"column":0},"end":{"line":36,"column":16}},"36":{"start":{"line":37,"column":0},"end":{"line":37,"column":18}},"37":{"start":{"line":38,"column":0},"end":{"line":38,"column":22}},"38":{"start":{"line":39,"column":0},"end":{"line":39,"column":8}},"39":{"start":{"line":40,"column":0},"end":{"line":40,"column":41}},"40":{"start":{"line":41,"column":0},"end":{"line":41,"column":45}},"41":{"start":{"line":42,"column":0},"end":{"line":42,"column":45}},"43":{"start":{"line":44,"column":0},"end":{"line":44,"column":22}},"44":{"start":{"line":45,"column":0},"end":{"line":45,"column":26}},"45":{"start":{"line":46,"column":0},"end":{"line":46,"column":26}},"46":{"start":{"line":47,"column":0},"end":{"line":47,"column":25}},"47":{"start":{"line":48,"column":0},"end":{"line":48,"column":4}},"49":{"start":{"line":50,"column":0},"end":{"line":50,"column":34}},"50":{"start":{"line":51,"column":0},"end":{"line":51,"column":39}},"51":{"start":{"line":52,"column":0},"end":{"line":52,"column":41}},"52":{"start":{"line":53,"column":0},"end":{"line":53,"column":41}},"54":{"start":{"line":55,"column":0},"end":{"line":55,"column":21}},"55":{"start":{"line":56,"column":0},"end":{"line":56,"column":23}},"56":{"start":{"line":57,"column":0},"end":{"line":57,"column":37}},"57":{"start":{"line":58,"column":0},"end":{"line":58,"column":20}},"58":{"start":{"line":59,"column":0},"end":{"line":59,"column":4}},"60":{"start":{"line":61,"column":0},"end":{"line":61,"column":10}},"61":{"start":{"line":62,"column":0},"end":{"line":62,"column":62}},"62":{"start":{"line":63,"column":0},"end":{"line":63,"column":17}},"63":{"start":{"line":64,"column":0},"end":{"line":64,"column":21}},"64":{"start":{"line":65,"column":0},"end":{"line":65,"column":25}},"65":{"start":{"line":66,"column":0},"end":{"line":66,"column":38}},"66":{"start":{"line":67,"column":0},"end":{"line":67,"column":41}},"67":{"start":{"line":68,"column":0},"end":{"line":68,"column":10}},"69":{"start":{"line":70,"column":0},"end":{"line":70,"column":23}},"70":{"start":{"line":71,"column":0},"end":{"line":71,"column":35}},"71":{"start":{"line":72,"column":0},"end":{"line":72,"column":32}},"72":{"start":{"line":73,"column":0},"end":{"line":73,"column":36}},"73":{"start":{"line":74,"column":0},"end":{"line":74,"column":36}},"74":{"start":{"line":75,"column":0},"end":{"line":75,"column":10}},"76":{"start":{"line":77,"column":0},"end":{"line":77,"column":10}},"78":{"start":{"line":79,"column":0},"end":{"line":79,"column":1}},"80":{"start":{"line":81,"column":0},"end":{"line":81,"column":19}}},"s":{"0":1,"1":1,"2":1,"3":1,"4":1,"6":6,"8":6,"9":6,"10":6,"13":6,"14":6,"15":6,"16":4,"17":4,"18":6,"20":6,"21":4,"22":4,"23":4,"24":2,"25":2,"26":2,"27":0,"28":0,"29":2,"30":2,"31":6,"33":6,"34":1,"35":1,"36":1,"37":1,"38":1,"39":1,"40":1,"41":1,"43":1,"44":1,"45":1,"46":1,"47":1,"49":6,"50":1,"51":1,"52":1,"54":1,"55":1,"56":1,"57":1,"58":1,"60":6,"61":6,"62":6,"63":3,"64":3,"65":3,"66":3,"67":3,"69":3,"70":3,"71":3,"72":3,"73":3,"74":3,"76":6,"78":6,"80":1},"branchMap":{"0":{"type":"branch","line":7,"loc":{"start":{"line":7,"column":0},"end":{"line":79,"column":1}},"locations":[{"start":{"line":7,"column":0},"end":{"line":79,"column":1}}]},"1":{"type":"branch","line":63,"loc":{"start":{"line":63,"column":7},"end":{"line":68,"column":10}},"locations":[{"start":{"line":63,"column":7},"end":{"line":68,"column":10}}]},"2":{"type":"branch","line":68,"loc":{"start":{"line":68,"column":8},"end":{"line":75,"column":10}},"locations":[{"start":{"line":68,"column":8},"end":{"line":75,"column":10}}]},"3":{"type":"branch","line":14,"loc":{"start":{"line":14,"column":45},"end":{"line":14,"column":88}},"locations":[{"start":{"line":14,"column":45},"end":{"line":14,"column":88}}]},"4":{"type":"branch","line":14,"loc":{"start":{"line":14,"column":81},"end":{"line":14,"column":88}},"locations":[{"start":{"line":14,"column":81},"end":{"line":14,"column":88}}]},"5":{"type":"branch","line":15,"loc":{"start":{"line":15,"column":49},"end":{"line":15,"column":94}},"locations":[{"start":{"line":15,"column":49},"end":{"line":15,"column":94}}]},"6":{"type":"branch","line":15,"loc":{"start":{"line":15,"column":87},"end":{"line":15,"column":94}},"locations":[{"start":{"line":15,"column":87},"end":{"line":15,"column":94}}]},"7":{"type":"branch","line":16,"loc":{"start":{"line":16,"column":62},"end":{"line":19,"column":3}},"locations":[{"start":{"line":16,"column":62},"end":{"line":19,"column":3}}]},"8":{"type":"branch","line":18,"loc":{"start":{"line":18,"column":32},"end":{"line":18,"column":58}},"locations":[{"start":{"line":18,"column":32},"end":{"line":18,"column":58}}]},"9":{"type":"branch","line":18,"loc":{"start":{"line":18,"column":51},"end":{"line":18,"column":76}},"locations":[{"start":{"line":18,"column":51},"end":{"line":18,"column":76}}]},"10":{"type":"branch","line":21,"loc":{"start":{"line":21,"column":64},"end":{"line":32,"column":3}},"locations":[{"start":{"line":21,"column":64},"end":{"line":32,"column":3}}]},"11":{"type":"branch","line":24,"loc":{"start":{"line":24,"column":8},"end":{"line":24,"column":22}},"locations":[{"start":{"line":24,"column":8},"end":{"line":24,"column":22}}]},"12":{"type":"branch","line":24,"loc":{"start":{"line":24,"column":22},"end":{"line":31,"column":16}},"locations":[{"start":{"line":24,"column":22},"end":{"line":31,"column":16}}]},"13":{"type":"branch","line":27,"loc":{"start":{"line":27,"column":6},"end":{"line":29,"column":7}},"locations":[{"start":{"line":27,"column":6},"end":{"line":29,"column":7}}]},"14":{"type":"branch","line":34,"loc":{"start":{"line":34,"column":24},"end":{"line":48,"column":4}},"locations":[{"start":{"line":34,"column":24},"end":{"line":48,"column":4}}]},"15":{"type":"branch","line":50,"loc":{"start":{"line":50,"column":27},"end":{"line":59,"column":4}},"locations":[{"start":{"line":50,"column":27},"end":{"line":59,"column":4}}]}},"b":{"0":[6],"1":[3],"2":[3],"3":[4],"4":[2],"5":[4],"6":[2],"7":[4],"8":[1],"9":[3],"10":[4],"11":[2],"12":[2],"13":[0],"14":[1],"15":[1]},"fnMap":{"0":{"name":"App","decl":{"start":{"line":7,"column":0},"end":{"line":79,"column":1}},"loc":{"start":{"line":7,"column":0},"end":{"line":79,"column":1}},"line":7},"1":{"name":"handleConnect","decl":{"start":{"line":34,"column":24},"end":{"line":48,"column":4}},"loc":{"start":{"line":34,"column":24},"end":{"line":48,"column":4}},"line":34},"2":{"name":"handleDisconnect","decl":{"start":{"line":50,"column":27},"end":{"line":59,"column":4}},"loc":{"start":{"line":50,"column":27},"end":{"line":59,"column":4}},"line":50}},"f":{"0":6,"1":1,"2":1}}
,"/home/clark/dev/nightscout-lucid/src/main.tsx": {"path":"/home/clark/dev/nightscout-lucid/src/main.tsx","all":true,"statementMap":{"0":{"start":{"line":1,"column":0},"end":{"line":1,"column":34}},"1":{"start":{"line":2,"column":0},"end":{"line":2,"column":45}},"2":{"start":{"line":3,"column":0},"end":{"line":3,"column":20}},"3":{"start":{"line":4,"column":0},"end":{"line":4,"column":27}},"5":{"start":{"line":6,"column":0},"end":{"line":6,"column":52}},"6":{"start":{"line":7,"column":0},"end":{"line":7,"column":14}},"7":{"start":{"line":8,"column":0},"end":{"line":8,"column":11}},"8":{"start":{"line":9,"column":0},"end":{"line":9,"column":16}},"9":{"start":{"line":10,"column":0},"end":{"line":10,"column":1}}},"s":{"0":0,"1":0,"2":0,"3":0,"5":0,"6":0,"7":0,"8":0,"9":0},"branchMap":{"0":{"type":"branch","line":1,"loc":{"start":{"line":1,"column":203},"end":{"line":10,"column":-148}},"locations":[{"start":{"line":1,"column":203},"end":{"line":10,"column":-148}}]}},"b":{"0":[0]},"fnMap":{"0":{"name":"(empty-report)","decl":{"start":{"line":1,"column":203},"end":{"line":10,"column":-148}},"loc":{"start":{"line":1,"column":203},"end":{"line":10,"column":-148}},"line":1}},"f":{"0":0}}
,"/home/clark/dev/nightscout-lucid/src/components/AGPChart.tsx": {"path":"/home/clark/dev/nightscout-lucid/src/components/AGPChart.tsx","all":false,"statementMap":{"0":{"start":{"line":1,"column":0},"end":{"line":1,"column":49}},"1":{"start":{"line":2,"column":0},"end":{"line":2,"column":35}},"2":{"start":{"line":3,"column":0},"end":{"line":3,"column":50}},"10":{"start":{"line":11,"column":0},"end":{"line":11,"column":78}},"11":{"start":{"line":12,"column":0},"end":{"line":12,"column":48}},"12":{"start":{"line":13,"column":0},"end":{"line":13,"column":61}},"14":{"start":{"line":15,"column":0},"end":{"line":15,"column":19}},"15":{"start":{"line":16,"column":0},"end":{"line":16,"column":34}},"18":{"start":{"line":19,"column":0},"end":{"line":19,"column":33}},"19":{"start":{"line":20,"column":0},"end":{"line":20,"column":61}},"20":{"start":{"line":21,"column":0},"end":{"line":21,"column":5}},"22":{"start":{"line":23,"column":0},"end":{"line":23,"column":40}},"25":{"start":{"line":26,"column":0},"end":{"line":26,"column":57}},"31":{"start":{"line":32,"column":0},"end":{"line":32,"column":48}},"32":{"start":{"line":33,"column":0},"end":{"line":33,"column":56}},"37":{"start":{"line":38,"column":0},"end":{"line":38,"column":48}},"38":{"start":{"line":39,"column":0},"end":{"line":39,"column":56}},"40":{"start":{"line":41,"column":0},"end":{"line":41,"column":50}},"43":{"start":{"line":44,"column":0},"end":{"line":44,"column":46}},"44":{"start":{"line":45,"column":0},"end":{"line":45,"column":40}},"45":{"start":{"line":46,"column":0},"end":{"line":46,"column":42}},"48":{"start":{"line":49,"column":0},"end":{"line":49,"column":97}},"49":{"start":{"line":50,"column":0},"end":{"line":50,"column":97}},"52":{"start":{"line":53,"column":0},"end":{"line":53,"column":40}},"53":{"start":{"line":54,"column":0},"end":{"line":54,"column":41}},"54":{"start":{"line":55,"column":0},"end":{"line":55,"column":41}},"56":{"start":{"line":57,"column":0},"end":{"line":57,"column":92}},"57":{"start":{"line":58,"column":0},"end":{"line":58,"column":71}},"59":{"start":{"line":60,"column":0},"end":{"line":60,"column":43}},"60":{"start":{"line":61,"column":0},"end":{"line":61,"column":14}},"61":{"start":{"line":62,"column":0},"end":{"line":62,"column":49}},"62":{"start":{"line":63,"column":0},"end":{"line":63,"column":101}},"63":{"start":{"line":64,"column":0},"end":{"line":64,"column":21}},"64":{"start":{"line":65,"column":0},"end":{"line":65,"column":20}},"65":{"start":{"line":66,"column":0},"end":{"line":66,"column":23}},"66":{"start":{"line":67,"column":0},"end":{"line":67,"column":29}},"67":{"start":{"line":68,"column":0},"end":{"line":68,"column":26}},"68":{"start":{"line":69,"column":0},"end":{"line":69,"column":10}},"69":{"start":{"line":70,"column":0},"end":{"line":70,"column":23}},"70":{"start":{"line":71,"column":0},"end":{"line":71,"column":23}},"71":{"start":{"line":72,"column":0},"end":{"line":72,"column":26}},"72":{"start":{"line":73,"column":0},"end":{"line":73,"column":9}},"73":{"start":{"line":74,"column":0},"end":{"line":74,"column":8}},"74":{"start":{"line":75,"column":0},"end":{"line":75,"column":16}},"75":{"start":{"line":76,"column":0},"end":{"line":76,"column":24}},"76":{"start":{"line":77,"column":0},"end":{"line":77,"column":37}},"77":{"start":{"line":78,"column":0},"end":{"line":78,"column":43}},"79":{"start":{"line":80,"column":0},"end":{"line":80,"column":66}},"80":{"start":{"line":81,"column":0},"end":{"line":81,"column":30}},"82":{"start":{"line":83,"column":0},"end":{"line":83,"column":18}},"84":{"start":{"line":85,"column":0},"end":{"line":85,"column":101}},"87":{"start":{"line":88,"column":0},"end":{"line":88,"column":66}},"91":{"start":{"line":92,"column":0},"end":{"line":92,"column":82}},"95":{"start":{"line":96,"column":0},"end":{"line":96,"column":82}},"99":{"start":{"line":100,"column":0},"end":{"line":100,"column":82}},"103":{"start":{"line":104,"column":0},"end":{"line":104,"column":66}},"107":{"start":{"line":108,"column":0},"end":{"line":108,"column":9}},"108":{"start":{"line":109,"column":0},"end":{"line":109,"column":8}},"109":{"start":{"line":110,"column":0},"end":{"line":110,"column":13}},"110":{"start":{"line":111,"column":0},"end":{"line":111,"column":19}},"111":{"start":{"line":112,"column":0},"end":{"line":112,"column":20}},"112":{"start":{"line":113,"column":0},"end":{"line":113,"column":21}},"113":{"start":{"line":114,"column":0},"end":{"line":114,"column":19}},"114":{"start":{"line":115,"column":0},"end":{"line":115,"column":26}},"115":{"start":{"line":116,"column":0},"end":{"line":116,"column":8}},"116":{"start":{"line":117,"column":0},"end":{"line":117,"column":14}},"117":{"start":{"line":118,"column":0},"end":{"line":118,"column":25}},"118":{"start":{"line":119,"column":0},"end":{"line":119,"column":25}},"119":{"start":{"line":120,"column":0},"end":{"line":120,"column":27}},"120":{"start":{"line":121,"column":0},"end":{"line":121,"column":19}},"121":{"start":{"line":122,"column":0},"end":{"line":122,"column":22}},"122":{"start":{"line":123,"column":0},"end":{"line":123,"column":28}},"123":{"start":{"line":124,"column":0},"end":{"line":124,"column":11}},"124":{"start":{"line":125,"column":0},"end":{"line":125,"column":10}},"125":{"start":{"line":126,"column":0},"end":{"line":126,"column":20}},"126":{"start":{"line":127,"column":0},"end":{"line":127,"column":27}},"127":{"start":{"line":128,"column":0},"end":{"line":128,"column":23}},"128":{"start":{"line":129,"column":0},"end":{"line":129,"column":71}},"129":{"start":{"line":130,"column":0},"end":{"line":130,"column":45}},"130":{"start":{"line":131,"column":0},"end":{"line":131,"column":10}},"131":{"start":{"line":132,"column":0},"end":{"line":132,"column":20}},"132":{"start":{"line":133,"column":0},"end":{"line":133,"column":21}},"133":{"start":{"line":134,"column":0},"end":{"line":134,"column":22}},"134":{"start":{"line":135,"column":0},"end":{"line":135,"column":22}},"135":{"start":{"line":136,"column":0},"end":{"line":136,"column":29}},"136":{"start":{"line":137,"column":0},"end":{"line":137,"column":26}},"137":{"start":{"line":138,"column":0},"end":{"line":138,"column":11}},"138":{"start":{"line":139,"column":0},"end":{"line":139,"column":9}},"139":{"start":{"line":140,"column":0},"end":{"line":140,"column":8}},"140":{"start":{"line":141,"column":0},"end":{"line":141,"column":14}},"141":{"start":{"line":142,"column":0},"end":{"line":142,"column":22}},"142":{"start":{"line":143,"column":0},"end":{"line":143,"column":18}},"143":{"start":{"line":144,"column":0},"end":{"line":144,"column":18}},"144":{"start":{"line":145,"column":0},"end":{"line":145,"column":20}},"145":{"start":{"line":146,"column":0},"end":{"line":146,"column":27}},"146":{"start":{"line":147,"column":0},"end":{"line":147,"column":22}},"147":{"start":{"line":148,"column":0},"end":{"line":148,"column":10}},"148":{"start":{"line":149,"column":0},"end":{"line":149,"column":20}},"149":{"start":{"line":150,"column":0},"end":{"line":150,"column":21}},"150":{"start":{"line":151,"column":0},"end":{"line":151,"column":22}},"151":{"start":{"line":152,"column":0},"end":{"line":152,"column":28}},"152":{"start":{"line":153,"column":0},"end":{"line":153,"column":11}},"153":{"start":{"line":154,"column":0},"end":{"line":154,"column":9}},"154":{"start":{"line":155,"column":0},"end":{"line":155,"column":8}},"155":{"start":{"line":156,"column":0},"end":{"line":156,"column":15}},"157":{"start":{"line":158,"column":0},"end":{"line":158,"column":9}},"158":{"start":{"line":159,"column":0},"end":{"line":159,"column":23}},"159":{"start":{"line":160,"column":0},"end":{"line":160,"column":21}},"160":{"start":{"line":161,"column":0},"end":{"line":161,"column":25}},"161":{"start":{"line":162,"column":0},"end":{"line":162,"column":24}},"162":{"start":{"line":163,"column":0},"end":{"line":163,"column":60}},"163":{"start":{"line":164,"column":0},"end":{"line":164,"column":14}},"164":{"start":{"line":165,"column":0},"end":{"line":165,"column":19}},"165":{"start":{"line":166,"column":0},"end":{"line":166,"column":15}},"166":{"start":{"line":167,"column":0},"end":{"line":167,"column":17}},"167":{"start":{"line":168,"column":0},"end":{"line":168,"column":34}},"168":{"start":{"line":169,"column":0},"end":{"line":169,"column":18}},"169":{"start":{"line":170,"column":0},"end":{"line":170,"column":17}},"170":{"start":{"line":171,"column":0},"end":{"line":171,"column":34}},"171":{"start":{"line":172,"column":0},"end":{"line":172,"column":17}},"172":{"start":{"line":173,"column":0},"end":{"line":173,"column":15}},"173":{"start":{"line":174,"column":0},"end":{"line":174,"column":13}},"174":{"start":{"line":175,"column":0},"end":{"line":175,"column":12}},"175":{"start":{"line":176,"column":0},"end":{"line":176,"column":21}},"176":{"start":{"line":177,"column":0},"end":{"line":177,"column":25}},"177":{"start":{"line":178,"column":0},"end":{"line":178,"column":27}},"178":{"start":{"line":179,"column":0},"end":{"line":179,"column":24}},"179":{"start":{"line":180,"column":0},"end":{"line":180,"column":31}},"180":{"start":{"line":181,"column":0},"end":{"line":181,"column":29}},"181":{"start":{"line":182,"column":0},"end":{"line":182,"column":24}},"182":{"start":{"line":183,"column":0},"end":{"line":183,"column":14}},"183":{"start":{"line":184,"column":0},"end":{"line":184,"column":20}},"184":{"start":{"line":185,"column":0},"end":{"line":185,"column":30}},"185":{"start":{"line":186,"column":0},"end":{"line":186,"column":26}},"186":{"start":{"line":187,"column":0},"end":{"line":187,"column":31}},"187":{"start":{"line":188,"column":0},"end":{"line":188,"column":33}},"188":{"start":{"line":189,"column":0},"end":{"line":189,"column":63}},"189":{"start":{"line":190,"column":0},"end":{"line":190,"column":14}},"190":{"start":{"line":191,"column":0},"end":{"line":191,"column":19}},"191":{"start":{"line":192,"column":0},"end":{"line":192,"column":55}},"192":{"start":{"line":193,"column":0},"end":{"line":193,"column":55}},"193":{"start":{"line":194,"column":0},"end":{"line":194,"column":13}},"194":{"start":{"line":195,"column":0},"end":{"line":195,"column":11}},"195":{"start":{"line":196,"column":0},"end":{"line":196,"column":10}},"197":{"start":{"line":198,"column":0},"end":{"line":198,"column":9}},"198":{"start":{"line":199,"column":0},"end":{"line":199,"column":27}},"199":{"start":{"line":200,"column":0},"end":{"line":200,"column":23}},"200":{"start":{"line":201,"column":0},"end":{"line":201,"column":24}},"201":{"start":{"line":202,"column":0},"end":{"line":202,"column":25}},"202":{"start":{"line":203,"column":0},"end":{"line":203,"column":25}},"203":{"start":{"line":204,"column":0},"end":{"line":204,"column":36}},"204":{"start":{"line":205,"column":0},"end":{"line":205,"column":27}},"205":{"start":{"line":206,"column":0},"end":{"line":206,"column":10}},"207":{"start":{"line":208,"column":0},"end":{"line":208,"column":9}},"208":{"start":{"line":209,"column":0},"end":{"line":209,"column":41}},"209":{"start":{"line":210,"column":0},"end":{"line":210,"column":23}},"210":{"start":{"line":211,"column":0},"end":{"line":211,"column":24}},"211":{"start":{"line":212,"column":0},"end":{"line":212,"column":25}},"212":{"start":{"line":213,"column":0},"end":{"line":213,"column":25}},"213":{"start":{"line":214,"column":0},"end":{"line":214,"column":28}},"214":{"start":{"line":215,"column":0},"end":{"line":215,"column":22}},"215":{"start":{"line":216,"column":0},"end":{"line":216,"column":63}},"216":{"start":{"line":217,"column":0},"end":{"line":217,"column":12}},"217":{"start":{"line":218,"column":0},"end":{"line":218,"column":35}},"218":{"start":{"line":219,"column":0},"end":{"line":219,"column":10}},"220":{"start":{"line":221,"column":0},"end":{"line":221,"column":9}},"221":{"start":{"line":222,"column":0},"end":{"line":222,"column":27}},"222":{"start":{"line":223,"column":0},"end":{"line":223,"column":23}},"223":{"start":{"line":224,"column":0},"end":{"line":224,"column":24}},"224":{"start":{"line":225,"column":0},"end":{"line":225,"column":25}},"225":{"start":{"line":226,"column":0},"end":{"line":226,"column":25}},"226":{"start":{"line":227,"column":0},"end":{"line":227,"column":36}},"227":{"start":{"line":228,"column":0},"end":{"line":228,"column":27}},"228":{"start":{"line":229,"column":0},"end":{"line":229,"column":10}},"230":{"start":{"line":231,"column":0},"end":{"line":231,"column":9}},"231":{"start":{"line":232,"column":0},"end":{"line":232,"column":41}},"232":{"start":{"line":233,"column":0},"end":{"line":233,"column":23}},"233":{"start":{"line":234,"column":0},"end":{"line":234,"column":24}},"234":{"start":{"line":235,"column":0},"end":{"line":235,"column":25}},"235":{"start":{"line":236,"column":0},"end":{"line":236,"column":25}},"236":{"start":{"line":237,"column":0},"end":{"line":237,"column":28}},"237":{"start":{"line":238,"column":0},"end":{"line":238,"column":22}},"238":{"start":{"line":239,"column":0},"end":{"line":239,"column":72}},"239":{"start":{"line":240,"column":0},"end":{"line":240,"column":12}},"240":{"start":{"line":241,"column":0},"end":{"line":241,"column":35}},"241":{"start":{"line":242,"column":0},"end":{"line":242,"column":10}},"243":{"start":{"line":244,"column":0},"end":{"line":244,"column":9}},"244":{"start":{"line":245,"column":0},"end":{"line":245,"column":43}},"245":{"start":{"line":246,"column":0},"end":{"line":246,"column":23}},"246":{"start":{"line":247,"column":0},"end":{"line":247,"column":26}},"247":{"start":{"line":248,"column":0},"end":{"line":248,"column":25}},"248":{"start":{"line":249,"column":0},"end":{"line":249,"column":28}},"249":{"start":{"line":250,"column":0},"end":{"line":250,"column":22}},"250":{"start":{"line":251,"column":0},"end":{"line":251,"column":42}},"251":{"start":{"line":252,"column":0},"end":{"line":252,"column":22}},"252":{"start":{"line":253,"column":0},"end":{"line":253,"column":11}},"253":{"start":{"line":254,"column":0},"end":{"line":254,"column":9}},"254":{"start":{"line":255,"column":0},"end":{"line":255,"column":7}},"255":{"start":{"line":256,"column":0},"end":{"line":256,"column":6}},"257":{"start":{"line":258,"column":0},"end":{"line":258,"column":28}},"260":{"start":{"line":261,"column":0},"end":{"line":261,"column":32}},"261":{"start":{"line":262,"column":0},"end":{"line":262,"column":21}},"262":{"start":{"line":263,"column":0},"end":{"line":263,"column":6}},"263":{"start":{"line":264,"column":0},"end":{"line":264,"column":52}},"265":{"start":{"line":266,"column":0},"end":{"line":266,"column":18}},"266":{"start":{"line":267,"column":0},"end":{"line":267,"column":57}},"267":{"start":{"line":268,"column":0},"end":{"line":268,"column":6}},"268":{"start":{"line":269,"column":0},"end":{"line":269,"column":27}},"270":{"start":{"line":271,"column":0},"end":{"line":271,"column":10}},"271":{"start":{"line":272,"column":0},"end":{"line":272,"column":28}},"273":{"start":{"line":274,"column":0},"end":{"line":274,"column":52}},"274":{"start":{"line":275,"column":0},"end":{"line":275,"column":10}},"276":{"start":{"line":277,"column":0},"end":{"line":277,"column":2}}},"s":{"0":1,"1":1,"2":1,"10":1,"11":1,"12":1,"14":1,"15":1,"18":1,"19":1,"20":1,"22":1,"25":1,"31":1,"32":1,"37":1,"38":1,"40":1,"43":1,"44":1,"45":1,"48":1,"49":1,"52":1,"53":1,"54":1,"56":1,"57":1,"59":1,"60":1,"61":1,"62":1,"63":1,"64":1,"65":1,"66":1,"67":1,"68":1,"69":1,"70":1,"71":1,"72":1,"73":1,"74":1,"75":1,"76":1,"77":0,"79":0,"80":0,"82":0,"84":0,"87":0,"91":0,"95":0,"99":0,"103":0,"107":0,"108":1,"109":1,"110":1,"111":1,"112":1,"113":1,"114":1,"115":1,"116":1,"117":1,"118":1,"119":1,"120":1,"121":1,"122":1,"123":1,"124":1,"125":1,"126":1,"127":1,"128":1,"129":1,"130":1,"131":1,"132":1,"133":1,"134":1,"135":1,"136":1,"137":1,"138":1,"139":1,"140":1,"141":1,"142":1,"143":1,"144":1,"145":1,"146":1,"147":1,"148":1,"149":1,"150":1,"151":1,"152":1,"153":1,"154":1,"155":1,"157":1,"158":1,"159":1,"160":1,"161":1,"162":1,"163":1,"164":1,"165":1,"166":1,"167":1,"168":1,"169":1,"170":1,"171":1,"172":1,"173":1,"174":1,"175":1,"176":1,"177":1,"178":1,"179":1,"180":1,"181":1,"182":1,"183":1,"184":1,"185":1,"186":1,"187":1,"188":1,"189":1,"190":1,"191":1,"192":1,"193":1,"194":1,"195":1,"197":1,"198":1,"199":1,"200":1,"201":1,"202":1,"203":1,"204":1,"205":1,"207":1,"208":1,"209":1,"210":1,"211":1,"212":1,"213":1,"214":1,"215":1,"216":1,"217":1,"218":1,"220":1,"221":1,"222":1,"223":1,"224":1,"225":1,"226":1,"227":1,"228":1,"230":1,"231":1,"232":1,"233":1,"234":1,"235":1,"236":1,"237":1,"238":1,"239":1,"240":1,"241":1,"243":1,"244":1,"245":1,"246":1,"247":1,"248":1,"249":1,"250":1,"251":1,"252":1,"253":1,"254":1,"255":1,"257":1,"260":1,"261":0,"262":0,"263":1,"265":1,"266":1,"267":1,"268":1,"270":1,"271":1,"273":1,"274":1,"276":1},"branchMap":{"0":{"type":"branch","line":11,"loc":{"start":{"line":11,"column":49},"end":{"line":277,"column":2}},"locations":[{"start":{"line":11,"column":49},"end":{"line":277,"column":2}}]},"1":{"type":"branch","line":15,"loc":{"start":{"line":15,"column":12},"end":{"line":269,"column":5}},"locations":[{"start":{"line":15,"column":12},"end":{"line":269,"column":5}}]},"2":{"type":"branch","line":16,"loc":{"start":{"line":16,"column":27},"end":{"line":16,"column":34}},"locations":[{"start":{"line":16,"column":27},"end":{"line":16,"column":34}}]},"3":{"type":"branch","line":45,"loc":{"start":{"line":45,"column":31},"end":{"line":45,"column":40}},"locations":[{"start":{"line":45,"column":31},"end":{"line":45,"column":40}}]},"4":{"type":"branch","line":46,"loc":{"start":{"line":46,"column":31},"end":{"line":46,"column":42}},"locations":[{"start":{"line":46,"column":31},"end":{"line":46,"column":42}}]},"5":{"type":"branch","line":49,"loc":{"start":{"line":49,"column":83},"end":{"line":49,"column":97}},"locations":[{"start":{"line":49,"column":83},"end":{"line":49,"column":97}}]},"6":{"type":"branch","line":50,"loc":{"start":{"line":50,"column":83},"end":{"line":50,"column":97}},"locations":[{"start":{"line":50,"column":83},"end":{"line":50,"column":97}}]},"7":{"type":"branch","line":53,"loc":{"start":{"line":53,"column":31},"end":{"line":53,"column":40}},"locations":[{"start":{"line":53,"column":31},"end":{"line":53,"column":40}}]},"8":{"type":"branch","line":54,"loc":{"start":{"line":54,"column":32},"end":{"line":54,"column":41}},"locations":[{"start":{"line":54,"column":32},"end":{"line":54,"column":41}}]},"9":{"type":"branch","line":55,"loc":{"start":{"line":55,"column":32},"end":{"line":55,"column":41}},"locations":[{"start":{"line":55,"column":32},"end":{"line":55,"column":41}}]},"10":{"type":"branch","line":26,"loc":{"start":{"line":26,"column":39},"end":{"line":26,"column":55}},"locations":[{"start":{"line":26,"column":39},"end":{"line":26,"column":55}}]},"11":{"type":"branch","line":32,"loc":{"start":{"line":32,"column":36},"end":{"line":32,"column":46}},"locations":[{"start":{"line":32,"column":36},"end":{"line":32,"column":46}}]},"12":{"type":"branch","line":33,"loc":{"start":{"line":33,"column":36},"end":{"line":33,"column":54}},"locations":[{"start":{"line":33,"column":36},"end":{"line":33,"column":54}}]},"13":{"type":"branch","line":38,"loc":{"start":{"line":38,"column":36},"end":{"line":38,"column":46}},"locations":[{"start":{"line":38,"column":36},"end":{"line":38,"column":46}}]},"14":{"type":"branch","line":39,"loc":{"start":{"line":39,"column":36},"end":{"line":39,"column":54}},"locations":[{"start":{"line":39,"column":36},"end":{"line":39,"column":54}}]},"15":{"type":"branch","line":41,"loc":{"start":{"line":41,"column":38},"end":{"line":41,"column":48}},"locations":[{"start":{"line":41,"column":38},"end":{"line":41,"column":48}}]},"16":{"type":"branch","line":49,"loc":{"start":{"line":49,"column":72},"end":{"line":49,"column":82}},"locations":[{"start":{"line":49,"column":72},"end":{"line":49,"column":82}}]},"17":{"type":"branch","line":50,"loc":{"start":{"line":50,"column":72},"end":{"line":50,"column":82}},"locations":[{"start":{"line":50,"column":72},"end":{"line":50,"column":82}}]},"18":{"type":"branch","line":266,"loc":{"start":{"line":266,"column":11},"end":{"line":268,"column":6}},"locations":[{"start":{"line":266,"column":11},"end":{"line":268,"column":6}}]}},"b":{"0":[1],"1":[1],"2":[0],"3":[0],"4":[0],"5":[0],"6":[0],"7":[0],"8":[0],"9":[0],"10":[96],"11":[96],"12":[96],"13":[96],"14":[96],"15":[96],"16":[96],"17":[96],"18":[1]},"fnMap":{"0":{"name":"AGPChart","decl":{"start":{"line":11,"column":49},"end":{"line":277,"column":2}},"loc":{"start":{"line":11,"column":49},"end":{"line":277,"column":2}},"line":11},"1":{"name":"formatter","decl":{"start":{"line":77,"column":19},"end":{"line":108,"column":9}},"loc":{"start":{"line":77,"column":19},"end":{"line":108,"column":9}},"line":77},"2":{"name":"formatter","decl":{"start":{"line":130,"column":21},"end":{"line":130,"column":45}},"loc":{"start":{"line":130,"column":21},"end":{"line":130,"column":45}},"line":130},"3":{"name":"formatter","decl":{"start":{"line":189,"column":25},"end":{"line":189,"column":63}},"loc":{"start":{"line":189,"column":25},"end":{"line":189,"column":63}},"line":189},"4":{"name":"handleResize","decl":{"start":{"line":261,"column":25},"end":{"line":263,"column":6}},"loc":{"start":{"line":261,"column":25},"end":{"line":263,"column":6}},"line":261}},"f":{"0":1,"1":0,"2":0,"3":0,"4":0}}
,"/home/clark/dev/nightscout-lucid/src/components/ConnectionPage.tsx": {"path":"/home/clark/dev/nightscout-lucid/src/components/ConnectionPage.tsx","all":false,"statementMap":{"0":{"start":{"line":1,"column":0},"end":{"line":1,"column":40}},"1":{"start":{"line":2,"column":0},"end":{"line":2,"column":71}},"2":{"start":{"line":3,"column":0},"end":{"line":3,"column":68}},"11":{"start":{"line":12,"column":0},"end":{"line":12,"column":63}},"12":{"start":{"line":13,"column":0},"end":{"line":13,"column":12}},"13":{"start":{"line":14,"column":0},"end":{"line":14,"column":18}},"14":{"start":{"line":15,"column":0},"end":{"line":15,"column":20}},"15":{"start":{"line":16,"column":0},"end":{"line":16,"column":34}},"16":{"start":{"line":17,"column":0},"end":{"line":17,"column":7}},"17":{"start":{"line":18,"column":0},"end":{"line":18,"column":45}},"18":{"start":{"line":19,"column":0},"end":{"line":19,"column":51}},"19":{"start":{"line":20,"column":0},"end":{"line":20,"column":64}},"21":{"start":{"line":22,"column":0},"end":{"line":22,"column":48}},"22":{"start":{"line":23,"column":0},"end":{"line":23,"column":58}},"23":{"start":{"line":24,"column":0},"end":{"line":24,"column":84}},"25":{"start":{"line":26,"column":0},"end":{"line":26,"column":41}},"26":{"start":{"line":27,"column":0},"end":{"line":27,"column":32}},"27":{"start":{"line":28,"column":0},"end":{"line":28,"column":19}},"29":{"start":{"line":30,"column":0},"end":{"line":30,"column":30}},"30":{"start":{"line":31,"column":0},"end":{"line":31,"column":20}},"31":{"start":{"line":32,"column":0},"end":{"line":32,"column":58}},"32":{"start":{"line":33,"column":0},"end":{"line":33,"column":19}},"33":{"start":{"line":34,"column":0},"end":{"line":34,"column":5}},"35":{"start":{"line":36,"column":0},"end":{"line":36,"column":9}},"36":{"start":{"line":37,"column":0},"end":{"line":37,"column":42}},"37":{"start":{"line":38,"column":0},"end":{"line":38,"column":62}},"38":{"start":{"line":39,"column":0},"end":{"line":39,"column":86}},"39":{"start":{"line":40,"column":0},"end":{"line":40,"column":21}},"40":{"start":{"line":41,"column":0},"end":{"line":41,"column":7}},"41":{"start":{"line":42,"column":0},"end":{"line":42,"column":13}},"42":{"start":{"line":43,"column":0},"end":{"line":43,"column":107}},"43":{"start":{"line":44,"column":0},"end":{"line":44,"column":19}},"44":{"start":{"line":45,"column":0},"end":{"line":45,"column":5}},"46":{"start":{"line":47,"column":0},"end":{"line":47,"column":16}},"47":{"start":{"line":48,"column":0},"end":{"line":48,"column":4}},"49":{"start":{"line":50,"column":0},"end":{"line":50,"column":54}},"50":{"start":{"line":51,"column":0},"end":{"line":51,"column":23}},"51":{"start":{"line":52,"column":0},"end":{"line":52,"column":34}},"53":{"start":{"line":54,"column":0},"end":{"line":54,"column":21}},"54":{"start":{"line":55,"column":0},"end":{"line":55,"column":19}},"56":{"start":{"line":57,"column":0},"end":{"line":57,"column":32}},"57":{"start":{"line":58,"column":0},"end":{"line":58,"column":36}},"59":{"start":{"line":60,"column":0},"end":{"line":60,"column":9}},"60":{"start":{"line":61,"column":0},"end":{"line":61,"column":64}},"62":{"start":{"line":63,"column":0},"end":{"line":63,"column":34}},"65":{"start":{"line":66,"column":0},"end":{"line":66,"column":53}},"66":{"start":{"line":67,"column":0},"end":{"line":67,"column":24}},"67":{"start":{"line":68,"column":0},"end":{"line":68,"column":66}},"68":{"start":{"line":69,"column":0},"end":{"line":69,"column":15}},"69":{"start":{"line":70,"column":0},"end":{"line":70,"column":24}},"70":{"start":{"line":71,"column":0},"end":{"line":71,"column":5}},"71":{"start":{"line":72,"column":0},"end":{"line":72,"column":4}},"73":{"start":{"line":74,"column":0},"end":{"line":74,"column":10}},"74":{"start":{"line":75,"column":0},"end":{"line":75,"column":115}},"75":{"start":{"line":76,"column":0},"end":{"line":76,"column":137}},"78":{"start":{"line":79,"column":0},"end":{"line":79,"column":44}},"80":{"start":{"line":81,"column":0},"end":{"line":81,"column":29}},"82":{"start":{"line":83,"column":0},"end":{"line":83,"column":44}},"83":{"start":{"line":84,"column":0},"end":{"line":84,"column":154}},"84":{"start":{"line":85,"column":0},"end":{"line":85,"column":59}},"85":{"start":{"line":86,"column":0},"end":{"line":86,"column":18}},"86":{"start":{"line":87,"column":0},"end":{"line":87,"column":77}},"88":{"start":{"line":89,"column":0},"end":{"line":89,"column":17}},"89":{"start":{"line":90,"column":0},"end":{"line":90,"column":55}},"91":{"start":{"line":92,"column":0},"end":{"line":92,"column":16}},"92":{"start":{"line":93,"column":0},"end":{"line":93,"column":16}},"95":{"start":{"line":96,"column":0},"end":{"line":96,"column":62}},"98":{"start":{"line":99,"column":0},"end":{"line":99,"column":17}},"99":{"start":{"line":100,"column":0},"end":{"line":100,"column":114}},"101":{"start":{"line":102,"column":0},"end":{"line":102,"column":22}},"102":{"start":{"line":103,"column":0},"end":{"line":103,"column":45}},"103":{"start":{"line":104,"column":0},"end":{"line":104,"column":22}},"104":{"start":{"line":105,"column":0},"end":{"line":105,"column":29}},"105":{"start":{"line":106,"column":0},"end":{"line":106,"column":29}},"106":{"start":{"line":107,"column":0},"end":{"line":107,"column":29}},"107":{"start":{"line":108,"column":0},"end":{"line":108,"column":58}},"108":{"start":{"line":109,"column":0},"end":{"line":109,"column":69}},"109":{"start":{"line":110,"column":0},"end":{"line":110,"column":213}},"110":{"start":{"line":111,"column":0},"end":{"line":111,"column":101}},"111":{"start":{"line":112,"column":0},"end":{"line":112,"column":21}},"112":{"start":{"line":113,"column":0},"end":{"line":113,"column":36}},"113":{"start":{"line":114,"column":0},"end":{"line":114,"column":18}},"114":{"start":{"line":115,"column":0},"end":{"line":115,"column":20}},"115":{"start":{"line":116,"column":0},"end":{"line":116,"column":38}},"116":{"start":{"line":117,"column":0},"end":{"line":117,"column":75}},"117":{"start":{"line":118,"column":0},"end":{"line":118,"column":78}},"118":{"start":{"line":119,"column":0},"end":{"line":119,"column":38}},"119":{"start":{"line":120,"column":0},"end":{"line":120,"column":20}},"121":{"start":{"line":122,"column":0},"end":{"line":122,"column":18}},"124":{"start":{"line":125,"column":0},"end":{"line":125,"column":17}},"125":{"start":{"line":126,"column":0},"end":{"line":126,"column":65}},"126":{"start":{"line":127,"column":0},"end":{"line":127,"column":118}},"128":{"start":{"line":129,"column":0},"end":{"line":129,"column":24}},"129":{"start":{"line":130,"column":0},"end":{"line":130,"column":113}},"130":{"start":{"line":131,"column":0},"end":{"line":131,"column":20}},"131":{"start":{"line":132,"column":0},"end":{"line":132,"column":45}},"132":{"start":{"line":133,"column":0},"end":{"line":133,"column":22}},"133":{"start":{"line":134,"column":0},"end":{"line":134,"column":31}},"134":{"start":{"line":135,"column":0},"end":{"line":135,"column":33}},"135":{"start":{"line":136,"column":0},"end":{"line":136,"column":31}},"136":{"start":{"line":137,"column":0},"end":{"line":137,"column":60}},"137":{"start":{"line":138,"column":0},"end":{"line":138,"column":62}},"138":{"start":{"line":139,"column":0},"end":{"line":139,"column":250}},"139":{"start":{"line":140,"column":0},"end":{"line":140,"column":36}},"140":{"start":{"line":141,"column":0},"end":{"line":141,"column":18}},"141":{"start":{"line":142,"column":0},"end":{"line":142,"column":20}},"142":{"start":{"line":143,"column":0},"end":{"line":143,"column":18}},"145":{"start":{"line":146,"column":0},"end":{"line":146,"column":17}},"146":{"start":{"line":147,"column":0},"end":{"line":147,"column":116}},"148":{"start":{"line":149,"column":0},"end":{"line":149,"column":22}},"149":{"start":{"line":150,"column":0},"end":{"line":150,"column":45}},"150":{"start":{"line":151,"column":0},"end":{"line":151,"column":23}},"151":{"start":{"line":152,"column":0},"end":{"line":152,"column":31}},"152":{"start":{"line":153,"column":0},"end":{"line":153,"column":31}},"153":{"start":{"line":154,"column":0},"end":{"line":154,"column":75}},"154":{"start":{"line":155,"column":0},"end":{"line":155,"column":244}},"155":{"start":{"line":156,"column":0},"end":{"line":156,"column":36}},"157":{"start":{"line":158,"column":0},"end":{"line":158,"column":80}},"158":{"start":{"line":159,"column":0},"end":{"line":159,"column":91}},"159":{"start":{"line":160,"column":0},"end":{"line":160,"column":25}},"160":{"start":{"line":161,"column":0},"end":{"line":161,"column":118}},"161":{"start":{"line":162,"column":0},"end":{"line":162,"column":52}},"162":{"start":{"line":163,"column":0},"end":{"line":163,"column":22}},"163":{"start":{"line":164,"column":0},"end":{"line":164,"column":20}},"164":{"start":{"line":165,"column":0},"end":{"line":165,"column":18}},"167":{"start":{"line":168,"column":0},"end":{"line":168,"column":23}},"168":{"start":{"line":169,"column":0},"end":{"line":169,"column":93}},"169":{"start":{"line":170,"column":0},"end":{"line":170,"column":38}},"170":{"start":{"line":171,"column":0},"end":{"line":171,"column":85}},"171":{"start":{"line":172,"column":0},"end":{"line":172,"column":53}},"172":{"start":{"line":173,"column":0},"end":{"line":173,"column":86}},"173":{"start":{"line":174,"column":0},"end":{"line":174,"column":71}},"174":{"start":{"line":175,"column":0},"end":{"line":175,"column":62}},"175":{"start":{"line":176,"column":0},"end":{"line":176,"column":116}},"176":{"start":{"line":177,"column":0},"end":{"line":177,"column":95}},"177":{"start":{"line":178,"column":0},"end":{"line":178,"column":72}},"178":{"start":{"line":179,"column":0},"end":{"line":179,"column":216}},"179":{"start":{"line":180,"column":0},"end":{"line":180,"column":92}},"180":{"start":{"line":181,"column":0},"end":{"line":181,"column":29}},"181":{"start":{"line":182,"column":0},"end":{"line":182,"column":28}},"183":{"start":{"line":184,"column":0},"end":{"line":184,"column":24}},"184":{"start":{"line":185,"column":0},"end":{"line":185,"column":22}},"185":{"start":{"line":186,"column":0},"end":{"line":186,"column":20}},"189":{"start":{"line":190,"column":0},"end":{"line":190,"column":19}},"190":{"start":{"line":191,"column":0},"end":{"line":191,"column":27}},"191":{"start":{"line":192,"column":0},"end":{"line":192,"column":32}},"192":{"start":{"line":193,"column":0},"end":{"line":193,"column":267}},"194":{"start":{"line":195,"column":0},"end":{"line":195,"column":26}},"195":{"start":{"line":196,"column":0},"end":{"line":196,"column":58}},"196":{"start":{"line":197,"column":0},"end":{"line":197,"column":99}},"197":{"start":{"line":198,"column":0},"end":{"line":198,"column":114}},"198":{"start":{"line":199,"column":0},"end":{"line":199,"column":187}},"199":{"start":{"line":200,"column":0},"end":{"line":200,"column":24}},"201":{"start":{"line":202,"column":0},"end":{"line":202,"column":23}},"203":{"start":{"line":204,"column":0},"end":{"line":204,"column":58}},"204":{"start":{"line":205,"column":0},"end":{"line":205,"column":46}},"206":{"start":{"line":207,"column":0},"end":{"line":207,"column":23}},"208":{"start":{"line":209,"column":0},"end":{"line":209,"column":21}},"209":{"start":{"line":210,"column":0},"end":{"line":210,"column":17}},"210":{"start":{"line":211,"column":0},"end":{"line":211,"column":14}},"213":{"start":{"line":214,"column":0},"end":{"line":214,"column":123}},"214":{"start":{"line":215,"column":0},"end":{"line":215,"column":13}},"216":{"start":{"line":217,"column":0},"end":{"line":217,"column":14}},"217":{"start":{"line":218,"column":0},"end":{"line":218,"column":14}},"218":{"start":{"line":219,"column":0},"end":{"line":219,"column":12}},"219":{"start":{"line":220,"column":0},"end":{"line":220,"column":10}},"221":{"start":{"line":222,"column":0},"end":{"line":222,"column":2}}},"s":{"0":1,"1":1,"2":1,"11":1,"12":20,"13":20,"14":20,"15":20,"16":20,"17":20,"18":20,"19":20,"21":20,"22":20,"23":20,"25":20,"26":4,"27":4,"29":4,"30":4,"31":0,"32":0,"33":0,"35":4,"36":4,"37":4,"38":0,"39":0,"40":0,"41":4,"42":1,"43":1,"44":1,"46":3,"47":4,"49":20,"50":4,"51":4,"53":3,"54":3,"56":3,"57":3,"59":3,"60":3,"62":3,"65":1,"66":4,"67":2,"68":4,"69":3,"70":3,"71":4,"73":20,"74":20,"75":20,"78":20,"80":20,"82":20,"83":20,"84":20,"85":20,"86":20,"88":20,"89":20,"91":20,"92":20,"95":20,"98":20,"99":20,"101":20,"102":20,"103":20,"104":20,"105":20,"106":20,"107":20,"108":20,"109":20,"110":20,"111":20,"112":20,"113":20,"114":20,"115":20,"116":1,"117":1,"118":1,"119":1,"121":20,"124":20,"125":20,"126":20,"128":20,"129":20,"130":20,"131":20,"132":20,"133":20,"134":20,"135":20,"136":20,"137":20,"138":20,"139":20,"140":20,"141":20,"142":20,"145":20,"146":20,"148":20,"149":20,"150":20,"151":20,"152":20,"153":20,"154":20,"155":20,"157":20,"158":20,"159":20,"160":20,"161":20,"162":20,"163":20,"164":20,"167":20,"168":2,"169":2,"170":2,"171":2,"172":2,"173":2,"174":2,"175":1,"176":1,"177":1,"178":1,"179":1,"180":1,"181":1,"183":2,"184":2,"185":2,"189":20,"190":20,"191":20,"192":20,"194":20,"195":3,"196":3,"197":3,"198":3,"199":3,"201":3,"203":17,"204":17,"206":17,"208":20,"209":20,"210":20,"213":20,"214":20,"216":20,"217":20,"218":20,"219":20,"221":20},"branchMap":{"0":{"type":"branch","line":12,"loc":{"start":{"line":12,"column":61},"end":{"line":222,"column":2}},"locations":[{"start":{"line":12,"column":61},"end":{"line":222,"column":2}}]},"1":{"type":"branch","line":111,"loc":{"start":{"line":111,"column":20},"end":{"line":111,"column":60}},"locations":[{"start":{"line":111,"column":20},"end":{"line":111,"column":60}}]},"2":{"type":"branch","line":111,"loc":{"start":{"line":111,"column":41},"end":{"line":111,"column":101}},"locations":[{"start":{"line":111,"column":41},"end":{"line":111,"column":101}}]},"3":{"type":"branch","line":116,"loc":{"start":{"line":116,"column":15},"end":{"line":120,"column":20}},"locations":[{"start":{"line":116,"column":15},"end":{"line":120,"column":20}}]},"4":{"type":"branch","line":168,"loc":{"start":{"line":168,"column":13},"end":{"line":186,"column":20}},"locations":[{"start":{"line":168,"column":13},"end":{"line":186,"column":20}}]},"5":{"type":"branch","line":175,"loc":{"start":{"line":175,"column":56},"end":{"line":182,"column":28}},"locations":[{"start":{"line":175,"column":56},"end":{"line":182,"column":28}}]},"6":{"type":"branch","line":195,"loc":{"start":{"line":195,"column":15},"end":{"line":202,"column":23}},"locations":[{"start":{"line":195,"column":15},"end":{"line":202,"column":23}}]},"7":{"type":"branch","line":202,"loc":{"start":{"line":202,"column":16},"end":{"line":207,"column":23}},"locations":[{"start":{"line":202,"column":16},"end":{"line":207,"column":23}}]},"8":{"type":"branch","line":26,"loc":{"start":{"line":26,"column":25},"end":{"line":48,"column":4}},"locations":[{"start":{"line":26,"column":25},"end":{"line":48,"column":4}}]},"9":{"type":"branch","line":31,"loc":{"start":{"line":31,"column":19},"end":{"line":34,"column":5}},"locations":[{"start":{"line":31,"column":19},"end":{"line":34,"column":5}}]},"10":{"type":"branch","line":38,"loc":{"start":{"line":38,"column":61},"end":{"line":41,"column":7}},"locations":[{"start":{"line":38,"column":61},"end":{"line":41,"column":7}}]},"11":{"type":"branch","line":42,"loc":{"start":{"line":42,"column":4},"end":{"line":45,"column":5}},"locations":[{"start":{"line":42,"column":4},"end":{"line":45,"column":5}}]},"12":{"type":"branch","line":45,"loc":{"start":{"line":45,"column":4},"end":{"line":47,"column":16}},"locations":[{"start":{"line":45,"column":4},"end":{"line":47,"column":16}}]},"13":{"type":"branch","line":50,"loc":{"start":{"line":50,"column":23},"end":{"line":72,"column":4}},"locations":[{"start":{"line":50,"column":23},"end":{"line":72,"column":4}}]},"14":{"type":"branch","line":52,"loc":{"start":{"line":52,"column":27},"end":{"line":52,"column":34}},"locations":[{"start":{"line":52,"column":27},"end":{"line":52,"column":34}}]},"15":{"type":"branch","line":52,"loc":{"start":{"line":52,"column":27},"end":{"line":63,"column":34}},"locations":[{"start":{"line":52,"column":27},"end":{"line":63,"column":34}}]},"16":{"type":"branch","line":63,"loc":{"start":{"line":63,"column":32},"end":{"line":67,"column":13}},"locations":[{"start":{"line":63,"column":32},"end":{"line":67,"column":13}}]},"17":{"type":"branch","line":67,"loc":{"start":{"line":67,"column":4},"end":{"line":69,"column":6}},"locations":[{"start":{"line":67,"column":4},"end":{"line":69,"column":6}}]},"18":{"type":"branch","line":68,"loc":{"start":{"line":68,"column":20},"end":{"line":68,"column":64}},"locations":[{"start":{"line":68,"column":20},"end":{"line":68,"column":64}}]},"19":{"type":"branch","line":69,"loc":{"start":{"line":69,"column":4},"end":{"line":71,"column":5}},"locations":[{"start":{"line":69,"column":4},"end":{"line":71,"column":5}}]},"20":{"type":"branch","line":108,"loc":{"start":{"line":108,"column":28},"end":{"line":108,"column":58}},"locations":[{"start":{"line":108,"column":28},"end":{"line":108,"column":58}}]},"21":{"type":"branch","line":137,"loc":{"start":{"line":137,"column":28},"end":{"line":137,"column":60}},"locations":[{"start":{"line":137,"column":28},"end":{"line":137,"column":60}}]},"22":{"type":"branch","line":154,"loc":{"start":{"line":154,"column":28},"end":{"line":154,"column":75}},"locations":[{"start":{"line":154,"column":28},"end":{"line":154,"column":75}}]}},"b":{"0":[20],"1":[1],"2":[19],"3":[1],"4":[2],"5":[1],"6":[3],"7":[17],"8":[4],"9":[0],"10":[0],"11":[1],"12":[3],"13":[4],"14":[1],"15":[3],"16":[1],"17":[2],"18":[0],"19":[3],"20":[4],"21":[3],"22":[1]},"fnMap":{"0":{"name":"ConnectionPage","decl":{"start":{"line":12,"column":61},"end":{"line":222,"column":2}},"loc":{"start":{"line":12,"column":61},"end":{"line":222,"column":2}},"line":12},"1":{"name":"validateInputs","decl":{"start":{"line":26,"column":25},"end":{"line":48,"column":4}},"loc":{"start":{"line":26,"column":25},"end":{"line":48,"column":4}},"line":26},"2":{"name":"handleSubmit","decl":{"start":{"line":50,"column":23},"end":{"line":72,"column":4}},"loc":{"start":{"line":50,"column":23},"end":{"line":72,"column":4}},"line":50},"3":{"name":"onChange","decl":{"start":{"line":108,"column":28},"end":{"line":108,"column":58}},"loc":{"start":{"line":108,"column":28},"end":{"line":108,"column":58}},"line":108},"4":{"name":"onChange","decl":{"start":{"line":137,"column":28},"end":{"line":137,"column":60}},"loc":{"start":{"line":137,"column":28},"end":{"line":137,"column":60}},"line":137},"5":{"name":"onChange","decl":{"start":{"line":154,"column":28},"end":{"line":154,"column":75}},"loc":{"start":{"line":154,"column":28},"end":{"line":154,"column":75}},"line":154}},"f":{"0":20,"1":4,"2":4,"3":4,"4":3,"5":1}}
,"/home/clark/dev/nightscout-lucid/src/components/DailyMiniChart.tsx": {"path":"/home/clark/dev/nightscout-lucid/src/components/DailyMiniChart.tsx","all":false,"statementMap":{"0":{"start":{"line":1,"column":0},"end":{"line":1,"column":49}},"1":{"start":{"line":2,"column":0},"end":{"line":2,"column":35}},"2":{"start":{"line":3,"column":0},"end":{"line":3,"column":50}},"12":{"start":{"line":13,"column":0},"end":{"line":13,"column":63}},"13":{"start":{"line":14,"column":0},"end":{"line":14,"column":10}},"14":{"start":{"line":15,"column":0},"end":{"line":15,"column":13}},"15":{"start":{"line":16,"column":0},"end":{"line":16,"column":8}},"16":{"start":{"line":17,"column":0},"end":{"line":17,"column":10}},"17":{"start":{"line":18,"column":0},"end":{"line":18,"column":7}},"18":{"start":{"line":19,"column":0},"end":{"line":19,"column":48}},"19":{"start":{"line":20,"column":0},"end":{"line":20,"column":61}},"21":{"start":{"line":22,"column":0},"end":{"line":22,"column":19}},"22":{"start":{"line":23,"column":0},"end":{"line":23,"column":34}},"24":{"start":{"line":25,"column":0},"end":{"line":25,"column":33}},"25":{"start":{"line":26,"column":0},"end":{"line":26,"column":61}},"26":{"start":{"line":27,"column":0},"end":{"line":27,"column":5}},"28":{"start":{"line":29,"column":0},"end":{"line":29,"column":40}},"30":{"start":{"line":31,"column":0},"end":{"line":31,"column":46}},"31":{"start":{"line":32,"column":0},"end":{"line":32,"column":40}},"32":{"start":{"line":33,"column":0},"end":{"line":33,"column":42}},"33":{"start":{"line":34,"column":0},"end":{"line":34,"column":68}},"36":{"start":{"line":37,"column":0},"end":{"line":37,"column":33}},"37":{"start":{"line":38,"column":0},"end":{"line":38,"column":17}},"38":{"start":{"line":39,"column":0},"end":{"line":39,"column":35}},"39":{"start":{"line":40,"column":0},"end":{"line":40,"column":59}},"40":{"start":{"line":41,"column":0},"end":{"line":41,"column":44}},"41":{"start":{"line":42,"column":0},"end":{"line":42,"column":8}},"42":{"start":{"line":43,"column":0},"end":{"line":43,"column":35}},"45":{"start":{"line":46,"column":0},"end":{"line":46,"column":56}},"46":{"start":{"line":47,"column":0},"end":{"line":47,"column":73}},"47":{"start":{"line":48,"column":0},"end":{"line":48,"column":73}},"48":{"start":{"line":49,"column":0},"end":{"line":49,"column":118}},"49":{"start":{"line":50,"column":0},"end":{"line":50,"column":89}},"54":{"start":{"line":55,"column":0},"end":{"line":55,"column":33}},"55":{"start":{"line":56,"column":0},"end":{"line":56,"column":36}},"57":{"start":{"line":58,"column":0},"end":{"line":58,"column":29}},"58":{"start":{"line":59,"column":0},"end":{"line":59,"column":62}},"59":{"start":{"line":60,"column":0},"end":{"line":60,"column":31}},"60":{"start":{"line":61,"column":0},"end":{"line":61,"column":57}},"62":{"start":{"line":63,"column":0},"end":{"line":63,"column":35}},"63":{"start":{"line":64,"column":0},"end":{"line":64,"column":25}},"64":{"start":{"line":65,"column":0},"end":{"line":65,"column":55}},"65":{"start":{"line":66,"column":0},"end":{"line":66,"column":26}},"66":{"start":{"line":67,"column":0},"end":{"line":67,"column":29}},"67":{"start":{"line":68,"column":0},"end":{"line":68,"column":11}},"68":{"start":{"line":69,"column":0},"end":{"line":69,"column":7}},"69":{"start":{"line":70,"column":0},"end":{"line":70,"column":39}},"70":{"start":{"line":71,"column":0},"end":{"line":71,"column":28}},"71":{"start":{"line":72,"column":0},"end":{"line":72,"column":54}},"72":{"start":{"line":73,"column":0},"end":{"line":73,"column":27}},"73":{"start":{"line":74,"column":0},"end":{"line":74,"column":11}},"74":{"start":{"line":75,"column":0},"end":{"line":75,"column":7}},"75":{"start":{"line":76,"column":0},"end":{"line":76,"column":7}},"77":{"start":{"line":78,"column":0},"end":{"line":78,"column":43}},"78":{"start":{"line":79,"column":0},"end":{"line":79,"column":13}},"79":{"start":{"line":80,"column":0},"end":{"line":80,"column":17}},"80":{"start":{"line":81,"column":0},"end":{"line":81,"column":18}},"81":{"start":{"line":82,"column":0},"end":{"line":82,"column":15}},"82":{"start":{"line":83,"column":0},"end":{"line":83,"column":18}},"83":{"start":{"line":84,"column":0},"end":{"line":84,"column":8}},"84":{"start":{"line":85,"column":0},"end":{"line":85,"column":16}},"85":{"start":{"line":86,"column":0},"end":{"line":86,"column":24}},"86":{"start":{"line":87,"column":0},"end":{"line":87,"column":22}},"87":{"start":{"line":88,"column":0},"end":{"line":88,"column":23}},"88":{"start":{"line":89,"column":0},"end":{"line":89,"column":22}},"89":{"start":{"line":90,"column":0},"end":{"line":90,"column":29}},"90":{"start":{"line":91,"column":0},"end":{"line":91,"column":26}},"91":{"start":{"line":92,"column":0},"end":{"line":92,"column":11}},"92":{"start":{"line":93,"column":0},"end":{"line":93,"column":10}},"93":{"start":{"line":94,"column":0},"end":{"line":94,"column":37}},"94":{"start":{"line":95,"column":0},"end":{"line":95,"column":24}},"95":{"start":{"line":96,"column":0},"end":{"line":96,"column":38}},"96":{"start":{"line":97,"column":0},"end":{"line":97,"column":39}},"97":{"start":{"line":98,"column":0},"end":{"line":98,"column":45}},"98":{"start":{"line":99,"column":0},"end":{"line":99,"column":58}},"99":{"start":{"line":100,"column":0},"end":{"line":100,"column":101}},"101":{"start":{"line":102,"column":0},"end":{"line":102,"column":45}},"102":{"start":{"line":103,"column":0},"end":{"line":103,"column":69}},"103":{"start":{"line":104,"column":0},"end":{"line":104,"column":108}},"104":{"start":{"line":105,"column":0},"end":{"line":105,"column":13}},"105":{"start":{"line":106,"column":0},"end":{"line":106,"column":13}},"106":{"start":{"line":107,"column":0},"end":{"line":107,"column":22}},"107":{"start":{"line":108,"column":0},"end":{"line":108,"column":9}},"108":{"start":{"line":109,"column":0},"end":{"line":109,"column":8}},"109":{"start":{"line":110,"column":0},"end":{"line":110,"column":14}},"110":{"start":{"line":111,"column":0},"end":{"line":111,"column":22}},"111":{"start":{"line":112,"column":0},"end":{"line":112,"column":15}},"112":{"start":{"line":113,"column":0},"end":{"line":113,"column":16}},"113":{"start":{"line":114,"column":0},"end":{"line":114,"column":19}},"114":{"start":{"line":115,"column":0},"end":{"line":115,"column":22}},"115":{"start":{"line":116,"column":0},"end":{"line":116,"column":28}},"116":{"start":{"line":117,"column":0},"end":{"line":117,"column":11}},"117":{"start":{"line":118,"column":0},"end":{"line":118,"column":10}},"118":{"start":{"line":119,"column":0},"end":{"line":119,"column":20}},"119":{"start":{"line":120,"column":0},"end":{"line":120,"column":21}},"120":{"start":{"line":121,"column":0},"end":{"line":121,"column":27}},"121":{"start":{"line":122,"column":0},"end":{"line":122,"column":22}},"122":{"start":{"line":123,"column":0},"end":{"line":123,"column":41}},"123":{"start":{"line":124,"column":0},"end":{"line":124,"column":44}},"124":{"start":{"line":125,"column":0},"end":{"line":125,"column":45}},"125":{"start":{"line":126,"column":0},"end":{"line":126,"column":45}},"126":{"start":{"line":127,"column":0},"end":{"line":127,"column":22}},"127":{"start":{"line":128,"column":0},"end":{"line":128,"column":11}},"128":{"start":{"line":129,"column":0},"end":{"line":129,"column":10}},"129":{"start":{"line":130,"column":0},"end":{"line":130,"column":20}},"130":{"start":{"line":131,"column":0},"end":{"line":131,"column":21}},"131":{"start":{"line":132,"column":0},"end":{"line":132,"column":22}},"132":{"start":{"line":133,"column":0},"end":{"line":133,"column":29}},"133":{"start":{"line":134,"column":0},"end":{"line":134,"column":26}},"134":{"start":{"line":135,"column":0},"end":{"line":135,"column":11}},"135":{"start":{"line":136,"column":0},"end":{"line":136,"column":9}},"136":{"start":{"line":137,"column":0},"end":{"line":137,"column":8}},"137":{"start":{"line":138,"column":0},"end":{"line":138,"column":14}},"138":{"start":{"line":139,"column":0},"end":{"line":139,"column":22}},"139":{"start":{"line":140,"column":0},"end":{"line":140,"column":18}},"140":{"start":{"line":141,"column":0},"end":{"line":141,"column":18}},"141":{"start":{"line":142,"column":0},"end":{"line":142,"column":34}},"142":{"start":{"line":143,"column":0},"end":{"line":143,"column":34}},"143":{"start":{"line":144,"column":0},"end":{"line":144,"column":20}},"144":{"start":{"line":145,"column":0},"end":{"line":145,"column":21}},"145":{"start":{"line":146,"column":0},"end":{"line":146,"column":27}},"146":{"start":{"line":147,"column":0},"end":{"line":147,"column":22}},"147":{"start":{"line":148,"column":0},"end":{"line":148,"column":41}},"149":{"start":{"line":150,"column":0},"end":{"line":150,"column":85}},"150":{"start":{"line":151,"column":0},"end":{"line":151,"column":51}},"151":{"start":{"line":152,"column":0},"end":{"line":152,"column":13}},"152":{"start":{"line":153,"column":0},"end":{"line":153,"column":22}},"153":{"start":{"line":154,"column":0},"end":{"line":154,"column":11}},"154":{"start":{"line":155,"column":0},"end":{"line":155,"column":10}},"155":{"start":{"line":156,"column":0},"end":{"line":156,"column":20}},"156":{"start":{"line":157,"column":0},"end":{"line":157,"column":21}},"157":{"start":{"line":158,"column":0},"end":{"line":158,"column":22}},"158":{"start":{"line":159,"column":0},"end":{"line":159,"column":28}},"159":{"start":{"line":160,"column":0},"end":{"line":160,"column":11}},"160":{"start":{"line":161,"column":0},"end":{"line":161,"column":9}},"161":{"start":{"line":162,"column":0},"end":{"line":162,"column":8}},"162":{"start":{"line":163,"column":0},"end":{"line":163,"column":15}},"164":{"start":{"line":165,"column":0},"end":{"line":165,"column":9}},"165":{"start":{"line":166,"column":0},"end":{"line":166,"column":23}},"166":{"start":{"line":167,"column":0},"end":{"line":167,"column":21}},"167":{"start":{"line":168,"column":0},"end":{"line":168,"column":25}},"168":{"start":{"line":169,"column":0},"end":{"line":169,"column":24}},"169":{"start":{"line":170,"column":0},"end":{"line":170,"column":46}},"170":{"start":{"line":171,"column":0},"end":{"line":171,"column":14}},"171":{"start":{"line":172,"column":0},"end":{"line":172,"column":19}},"172":{"start":{"line":173,"column":0},"end":{"line":173,"column":15}},"173":{"start":{"line":174,"column":0},"end":{"line":174,"column":37}},"174":{"start":{"line":175,"column":0},"end":{"line":175,"column":36}},"175":{"start":{"line":176,"column":0},"end":{"line":176,"column":15}},"176":{"start":{"line":177,"column":0},"end":{"line":177,"column":13}},"177":{"start":{"line":178,"column":0},"end":{"line":178,"column":12}},"178":{"start":{"line":179,"column":0},"end":{"line":179,"column":21}},"179":{"start":{"line":180,"column":0},"end":{"line":180,"column":25}},"180":{"start":{"line":181,"column":0},"end":{"line":181,"column":27}},"181":{"start":{"line":182,"column":0},"end":{"line":182,"column":24}},"182":{"start":{"line":183,"column":0},"end":{"line":183,"column":47}},"183":{"start":{"line":184,"column":0},"end":{"line":184,"column":28}},"184":{"start":{"line":185,"column":0},"end":{"line":185,"column":14}},"185":{"start":{"line":186,"column":0},"end":{"line":186,"column":19}},"186":{"start":{"line":187,"column":0},"end":{"line":187,"column":35}},"187":{"start":{"line":188,"column":0},"end":{"line":188,"column":34}},"188":{"start":{"line":189,"column":0},"end":{"line":189,"column":13}},"189":{"start":{"line":190,"column":0},"end":{"line":190,"column":11}},"190":{"start":{"line":191,"column":0},"end":{"line":191,"column":10}},"192":{"start":{"line":193,"column":0},"end":{"line":193,"column":9}},"193":{"start":{"line":194,"column":0},"end":{"line":194,"column":26}},"194":{"start":{"line":195,"column":0},"end":{"line":195,"column":23}},"195":{"start":{"line":196,"column":0},"end":{"line":196,"column":30}},"196":{"start":{"line":197,"column":0},"end":{"line":197,"column":41}},"197":{"start":{"line":198,"column":0},"end":{"line":198,"column":28}},"198":{"start":{"line":199,"column":0},"end":{"line":199,"column":23}},"199":{"start":{"line":200,"column":0},"end":{"line":200,"column":22}},"200":{"start":{"line":201,"column":0},"end":{"line":201,"column":22}},"201":{"start":{"line":202,"column":0},"end":{"line":202,"column":11}},"202":{"start":{"line":203,"column":0},"end":{"line":203,"column":10}},"204":{"start":{"line":205,"column":0},"end":{"line":205,"column":9}},"205":{"start":{"line":206,"column":0},"end":{"line":206,"column":24}},"206":{"start":{"line":207,"column":0},"end":{"line":207,"column":26}},"207":{"start":{"line":208,"column":0},"end":{"line":208,"column":27}},"208":{"start":{"line":209,"column":0},"end":{"line":209,"column":27}},"209":{"start":{"line":210,"column":0},"end":{"line":210,"column":25}},"210":{"start":{"line":211,"column":0},"end":{"line":211,"column":43}},"211":{"start":{"line":212,"column":0},"end":{"line":212,"column":18}},"212":{"start":{"line":213,"column":0},"end":{"line":213,"column":23}},"213":{"start":{"line":214,"column":0},"end":{"line":214,"column":54}},"214":{"start":{"line":215,"column":0},"end":{"line":215,"column":29}},"215":{"start":{"line":216,"column":0},"end":{"line":216,"column":24}},"216":{"start":{"line":217,"column":0},"end":{"line":217,"column":30}},"217":{"start":{"line":218,"column":0},"end":{"line":218,"column":12}},"218":{"start":{"line":219,"column":0},"end":{"line":219,"column":20}},"219":{"start":{"line":220,"column":0},"end":{"line":220,"column":102}},"220":{"start":{"line":221,"column":0},"end":{"line":221,"column":11}},"221":{"start":{"line":222,"column":0},"end":{"line":222,"column":10}},"223":{"start":{"line":224,"column":0},"end":{"line":224,"column":9}},"224":{"start":{"line":225,"column":0},"end":{"line":225,"column":26}},"225":{"start":{"line":226,"column":0},"end":{"line":226,"column":26}},"226":{"start":{"line":227,"column":0},"end":{"line":227,"column":30}},"227":{"start":{"line":228,"column":0},"end":{"line":228,"column":29}},"228":{"start":{"line":229,"column":0},"end":{"line":229,"column":25}},"229":{"start":{"line":230,"column":0},"end":{"line":230,"column":42}},"230":{"start":{"line":231,"column":0},"end":{"line":231,"column":18}},"231":{"start":{"line":232,"column":0},"end":{"line":232,"column":23}},"232":{"start":{"line":233,"column":0},"end":{"line":233,"column":31}},"233":{"start":{"line":234,"column":0},"end":{"line":234,"column":54}},"234":{"start":{"line":235,"column":0},"end":{"line":235,"column":29}},"235":{"start":{"line":236,"column":0},"end":{"line":236,"column":24}},"236":{"start":{"line":237,"column":0},"end":{"line":237,"column":31}},"237":{"start":{"line":238,"column":0},"end":{"line":238,"column":26}},"238":{"start":{"line":239,"column":0},"end":{"line":239,"column":12}},"239":{"start":{"line":240,"column":0},"end":{"line":240,"column":20}},"240":{"start":{"line":241,"column":0},"end":{"line":241,"column":64}},"241":{"start":{"line":242,"column":0},"end":{"line":242,"column":11}},"242":{"start":{"line":243,"column":0},"end":{"line":243,"column":9}},"243":{"start":{"line":244,"column":0},"end":{"line":244,"column":7}},"244":{"start":{"line":245,"column":0},"end":{"line":245,"column":6}},"246":{"start":{"line":247,"column":0},"end":{"line":247,"column":28}},"248":{"start":{"line":249,"column":0},"end":{"line":249,"column":32}},"249":{"start":{"line":250,"column":0},"end":{"line":250,"column":21}},"250":{"start":{"line":251,"column":0},"end":{"line":251,"column":6}},"251":{"start":{"line":252,"column":0},"end":{"line":252,"column":52}},"253":{"start":{"line":254,"column":0},"end":{"line":254,"column":18}},"254":{"start":{"line":255,"column":0},"end":{"line":255,"column":57}},"255":{"start":{"line":256,"column":0},"end":{"line":256,"column":6}},"256":{"start":{"line":257,"column":0},"end":{"line":257,"column":45}},"258":{"start":{"line":259,"column":0},"end":{"line":259,"column":10}},"259":{"start":{"line":260,"column":0},"end":{"line":260,"column":28}},"260":{"start":{"line":261,"column":0},"end":{"line":261,"column":52}},"261":{"start":{"line":262,"column":0},"end":{"line":262,"column":10}},"263":{"start":{"line":264,"column":0},"end":{"line":264,"column":2}}},"s":{"0":1,"1":1,"2":1,"12":1,"13":1,"14":1,"15":1,"16":1,"17":1,"18":1,"19":1,"21":1,"22":1,"24":1,"25":1,"26":1,"28":1,"30":1,"31":1,"32":1,"33":1,"36":1,"37":1,"38":2,"39":2,"40":2,"41":1,"42":1,"45":1,"46":1,"47":1,"48":1,"49":1,"54":1,"55":1,"57":1,"58":1,"59":1,"60":1,"62":1,"63":1,"64":1,"65":1,"66":1,"67":1,"68":1,"69":1,"70":1,"71":1,"72":1,"73":1,"74":1,"75":1,"77":1,"78":1,"79":1,"80":1,"81":1,"82":1,"83":1,"84":1,"85":1,"86":1,"87":1,"88":1,"89":1,"90":1,"91":1,"92":1,"93":1,"94":0,"95":0,"96":0,"97":0,"98":0,"99":0,"101":0,"102":0,"103":0,"104":0,"105":0,"106":0,"107":0,"108":1,"109":1,"110":1,"111":1,"112":1,"113":1,"114":1,"115":1,"116":1,"117":1,"118":1,"119":1,"120":1,"121":1,"122":1,"123":0,"124":0,"125":0,"126":0,"127":0,"128":1,"129":1,"130":1,"131":1,"132":1,"133":1,"134":1,"135":1,"136":1,"137":1,"138":1,"139":1,"140":1,"141":1,"142":1,"143":1,"144":1,"145":1,"146":1,"147":1,"149":0,"150":0,"151":0,"152":0,"153":0,"154":1,"155":1,"156":1,"157":1,"158":1,"159":1,"160":1,"161":1,"162":1,"164":1,"165":1,"166":1,"167":1,"168":1,"169":1,"170":1,"171":1,"172":1,"173":1,"174":1,"175":1,"176":1,"177":1,"178":1,"179":1,"180":1,"181":1,"182":1,"183":1,"184":1,"185":1,"186":1,"187":1,"188":1,"189":1,"190":1,"192":1,"193":1,"194":1,"195":1,"196":1,"197":1,"198":1,"199":1,"200":1,"201":1,"202":1,"204":1,"205":1,"206":1,"207":1,"208":1,"209":1,"210":1,"211":1,"212":1,"213":1,"214":1,"215":1,"216":1,"217":1,"218":1,"219":1,"220":1,"221":1,"223":1,"224":1,"225":1,"226":1,"227":1,"228":1,"229":1,"230":1,"231":1,"232":1,"233":1,"234":1,"235":1,"236":1,"237":1,"238":1,"239":1,"240":1,"241":1,"242":1,"243":1,"244":1,"246":1,"248":1,"249":0,"250":0,"251":1,"253":1,"254":1,"255":1,"256":1,"258":1,"259":1,"260":1,"261":1,"263":1},"branchMap":{"0":{"type":"branch","line":13,"loc":{"start":{"line":13,"column":61},"end":{"line":264,"column":2}},"locations":[{"start":{"line":13,"column":61},"end":{"line":264,"column":2}}]},"1":{"type":"branch","line":22,"loc":{"start":{"line":22,"column":12},"end":{"line":257,"column":5}},"locations":[{"start":{"line":22,"column":12},"end":{"line":257,"column":5}}]},"2":{"type":"branch","line":23,"loc":{"start":{"line":23,"column":27},"end":{"line":23,"column":34}},"locations":[{"start":{"line":23,"column":27},"end":{"line":23,"column":34}}]},"3":{"type":"branch","line":32,"loc":{"start":{"line":32,"column":31},"end":{"line":32,"column":40}},"locations":[{"start":{"line":32,"column":31},"end":{"line":32,"column":40}}]},"4":{"type":"branch","line":33,"loc":{"start":{"line":33,"column":31},"end":{"line":33,"column":42}},"locations":[{"start":{"line":33,"column":31},"end":{"line":33,"column":42}}]},"5":{"type":"branch","line":47,"loc":{"start":{"line":47,"column":59},"end":{"line":47,"column":73}},"locations":[{"start":{"line":47,"column":59},"end":{"line":47,"column":73}}]},"6":{"type":"branch","line":48,"loc":{"start":{"line":48,"column":59},"end":{"line":48,"column":73}},"locations":[{"start":{"line":48,"column":59},"end":{"line":48,"column":73}}]},"7":{"type":"branch","line":49,"loc":{"start":{"line":49,"column":35},"end":{"line":49,"column":45}},"locations":[{"start":{"line":49,"column":35},"end":{"line":49,"column":45}}]},"8":{"type":"branch","line":49,"loc":{"start":{"line":49,"column":76},"end":{"line":49,"column":87}},"locations":[{"start":{"line":49,"column":76},"end":{"line":49,"column":87}}]},"9":{"type":"branch","line":49,"loc":{"start":{"line":49,"column":106},"end":{"line":49,"column":115}},"locations":[{"start":{"line":49,"column":106},"end":{"line":49,"column":115}}]},"10":{"type":"branch","line":50,"loc":{"start":{"line":50,"column":48},"end":{"line":50,"column":59}},"locations":[{"start":{"line":50,"column":48},"end":{"line":50,"column":59}}]},"11":{"type":"branch","line":50,"loc":{"start":{"line":50,"column":78},"end":{"line":50,"column":87}},"locations":[{"start":{"line":50,"column":78},"end":{"line":50,"column":87}}]},"12":{"type":"branch","line":34,"loc":{"start":{"line":34,"column":23},"end":{"line":34,"column":68}},"locations":[{"start":{"line":34,"column":23},"end":{"line":34,"column":68}}]},"13":{"type":"branch","line":34,"loc":{"start":{"line":34,"column":49},"end":{"line":34,"column":68}},"locations":[{"start":{"line":34,"column":49},"end":{"line":34,"column":68}}]},"14":{"type":"branch","line":38,"loc":{"start":{"line":38,"column":11},"end":{"line":42,"column":7}},"locations":[{"start":{"line":38,"column":11},"end":{"line":42,"column":7}}]},"15":{"type":"branch","line":43,"loc":{"start":{"line":43,"column":12},"end":{"line":43,"column":33}},"locations":[{"start":{"line":43,"column":12},"end":{"line":43,"column":33}}]},"16":{"type":"branch","line":46,"loc":{"start":{"line":46,"column":32},"end":{"line":46,"column":54}},"locations":[{"start":{"line":46,"column":32},"end":{"line":46,"column":54}}]},"17":{"type":"branch","line":58,"loc":{"start":{"line":58,"column":23},"end":{"line":76,"column":5}},"locations":[{"start":{"line":58,"column":23},"end":{"line":76,"column":5}}]},"18":{"type":"branch","line":59,"loc":{"start":{"line":59,"column":21},"end":{"line":59,"column":62}},"locations":[{"start":{"line":59,"column":21},"end":{"line":59,"column":62}}]},"19":{"type":"branch","line":65,"loc":{"start":{"line":65,"column":44},"end":{"line":65,"column":53}},"locations":[{"start":{"line":65,"column":44},"end":{"line":65,"column":53}}]},"20":{"type":"branch","line":72,"loc":{"start":{"line":72,"column":44},"end":{"line":72,"column":52}},"locations":[{"start":{"line":72,"column":44},"end":{"line":72,"column":52}}]},"21":{"type":"branch","line":254,"loc":{"start":{"line":254,"column":11},"end":{"line":256,"column":6}},"locations":[{"start":{"line":254,"column":11},"end":{"line":256,"column":6}}]}},"b":{"0":[1],"1":[1],"2":[0],"3":[0],"4":[0],"5":[0],"6":[0],"7":[0],"8":[0],"9":[0],"10":[0],"11":[0],"12":[4],"13":[0],"14":[2],"15":[1],"16":[2],"17":[1],"18":[0],"19":[0],"20":[0],"21":[1]},"fnMap":{"0":{"name":"DailyMiniChart","decl":{"start":{"line":13,"column":61},"end":{"line":264,"column":2}},"loc":{"start":{"line":13,"column":61},"end":{"line":264,"column":2}},"line":13},"1":{"name":"conversion","decl":{"start":{"line":34,"column":23},"end":{"line":34,"column":68}},"loc":{"start":{"line":34,"column":23},"end":{"line":34,"column":68}},"line":34},"2":{"name":"formatter","decl":{"start":{"line":94,"column":19},"end":{"line":108,"column":9}},"loc":{"start":{"line":94,"column":19},"end":{"line":108,"column":9}},"line":94},"3":{"name":"formatter","decl":{"start":{"line":123,"column":21},"end":{"line":128,"column":11}},"loc":{"start":{"line":123,"column":21},"end":{"line":128,"column":11}},"line":123},"4":{"name":"formatter","decl":{"start":{"line":148,"column":21},"end":{"line":154,"column":11}},"loc":{"start":{"line":148,"column":21},"end":{"line":154,"column":11}},"line":148},"5":{"name":"formatter","decl":{"start":{"line":214,"column":23},"end":{"line":214,"column":54}},"loc":{"start":{"line":214,"column":23},"end":{"line":214,"column":54}},"line":214},"6":{"name":"formatter","decl":{"start":{"line":220,"column":23},"end":{"line":220,"column":102}},"loc":{"start":{"line":220,"column":23},"end":{"line":220,"column":102}},"line":220},"7":{"name":"formatter","decl":{"start":{"line":234,"column":23},"end":{"line":234,"column":54}},"loc":{"start":{"line":234,"column":23},"end":{"line":234,"column":54}},"line":234},"8":{"name":"formatter","decl":{"start":{"line":241,"column":23},"end":{"line":241,"column":64}},"loc":{"start":{"line":241,"column":23},"end":{"line":241,"column":64}},"line":241},"9":{"name":"handleResize","decl":{"start":{"line":249,"column":25},"end":{"line":251,"column":6}},"loc":{"start":{"line":249,"column":25},"end":{"line":251,"column":6}},"line":249}},"f":{"0":1,"1":4,"2":0,"3":0,"4":0,"5":0,"6":0,"7":0,"8":0,"9":0}}
,"/home/clark/dev/nightscout-lucid/src/components/HourlyGlucoseChart.tsx": {"path":"/home/clark/dev/nightscout-lucid/src/components/HourlyGlucoseChart.tsx","all":false,"statementMap":{"0":{"start":{"line":1,"column":0},"end":{"line":1,"column":49}},"1":{"start":{"line":2,"column":0},"end":{"line":2,"column":35}},"2":{"start":{"line":3,"column":0},"end":{"line":3,"column":50}},"11":{"start":{"line":12,"column":0},"end":{"line":12,"column":72}},"12":{"start":{"line":13,"column":0},"end":{"line":13,"column":15}},"13":{"start":{"line":14,"column":0},"end":{"line":14,"column":7}},"14":{"start":{"line":15,"column":0},"end":{"line":15,"column":8}},"15":{"start":{"line":16,"column":0},"end":{"line":16,"column":7}},"16":{"start":{"line":17,"column":0},"end":{"line":17,"column":48}},"17":{"start":{"line":18,"column":0},"end":{"line":18,"column":61}},"19":{"start":{"line":20,"column":0},"end":{"line":20,"column":19}},"20":{"start":{"line":21,"column":0},"end":{"line":21,"column":34}},"22":{"start":{"line":23,"column":0},"end":{"line":23,"column":33}},"23":{"start":{"line":24,"column":0},"end":{"line":24,"column":61}},"24":{"start":{"line":25,"column":0},"end":{"line":25,"column":5}},"26":{"start":{"line":27,"column":0},"end":{"line":27,"column":40}},"28":{"start":{"line":29,"column":0},"end":{"line":29,"column":57}},"31":{"start":{"line":32,"column":0},"end":{"line":32,"column":48}},"32":{"start":{"line":33,"column":0},"end":{"line":33,"column":56}},"33":{"start":{"line":34,"column":0},"end":{"line":34,"column":50}},"35":{"start":{"line":36,"column":0},"end":{"line":36,"column":46}},"36":{"start":{"line":37,"column":0},"end":{"line":37,"column":40}},"37":{"start":{"line":38,"column":0},"end":{"line":38,"column":42}},"40":{"start":{"line":41,"column":0},"end":{"line":41,"column":69}},"41":{"start":{"line":42,"column":0},"end":{"line":42,"column":51}},"42":{"start":{"line":43,"column":0},"end":{"line":43,"column":51}},"43":{"start":{"line":44,"column":0},"end":{"line":44,"column":41}},"44":{"start":{"line":45,"column":0},"end":{"line":45,"column":41}},"45":{"start":{"line":46,"column":0},"end":{"line":46,"column":66}},"46":{"start":{"line":47,"column":0},"end":{"line":47,"column":37}},"48":{"start":{"line":49,"column":0},"end":{"line":49,"column":43}},"49":{"start":{"line":50,"column":0},"end":{"line":50,"column":14}},"50":{"start":{"line":51,"column":0},"end":{"line":51,"column":39}},"51":{"start":{"line":52,"column":0},"end":{"line":52,"column":141}},"52":{"start":{"line":53,"column":0},"end":{"line":53,"column":21}},"53":{"start":{"line":54,"column":0},"end":{"line":54,"column":20}},"54":{"start":{"line":55,"column":0},"end":{"line":55,"column":23}},"55":{"start":{"line":56,"column":0},"end":{"line":56,"column":29}},"56":{"start":{"line":57,"column":0},"end":{"line":57,"column":26}},"57":{"start":{"line":58,"column":0},"end":{"line":58,"column":10}},"58":{"start":{"line":59,"column":0},"end":{"line":59,"column":23}},"59":{"start":{"line":60,"column":0},"end":{"line":60,"column":23}},"60":{"start":{"line":61,"column":0},"end":{"line":61,"column":26}},"61":{"start":{"line":62,"column":0},"end":{"line":62,"column":9}},"62":{"start":{"line":63,"column":0},"end":{"line":63,"column":8}},"63":{"start":{"line":64,"column":0},"end":{"line":64,"column":16}},"64":{"start":{"line":65,"column":0},"end":{"line":65,"column":24}},"65":{"start":{"line":66,"column":0},"end":{"line":66,"column":22}},"66":{"start":{"line":67,"column":0},"end":{"line":67,"column":24}},"67":{"start":{"line":68,"column":0},"end":{"line":68,"column":10}},"68":{"start":{"line":69,"column":0},"end":{"line":69,"column":37}},"69":{"start":{"line":70,"column":0},"end":{"line":70,"column":43}},"70":{"start":{"line":71,"column":0},"end":{"line":71,"column":48}},"71":{"start":{"line":72,"column":0},"end":{"line":72,"column":43}},"72":{"start":{"line":73,"column":0},"end":{"line":73,"column":18}},"74":{"start":{"line":75,"column":0},"end":{"line":75,"column":106}},"77":{"start":{"line":78,"column":0},"end":{"line":78,"column":73}},"81":{"start":{"line":82,"column":0},"end":{"line":82,"column":90}},"85":{"start":{"line":86,"column":0},"end":{"line":86,"column":73}},"89":{"start":{"line":90,"column":0},"end":{"line":90,"column":9}},"90":{"start":{"line":91,"column":0},"end":{"line":91,"column":8}},"91":{"start":{"line":92,"column":0},"end":{"line":92,"column":15}},"92":{"start":{"line":93,"column":0},"end":{"line":93,"column":21}},"93":{"start":{"line":94,"column":0},"end":{"line":94,"column":23}},"94":{"start":{"line":95,"column":0},"end":{"line":95,"column":22}},"95":{"start":{"line":96,"column":0},"end":{"line":96,"column":23}},"96":{"start":{"line":97,"column":0},"end":{"line":97,"column":20}},"97":{"start":{"line":98,"column":0},"end":{"line":98,"column":23}},"98":{"start":{"line":99,"column":0},"end":{"line":99,"column":26}},"99":{"start":{"line":100,"column":0},"end":{"line":100,"column":10}},"100":{"start":{"line":101,"column":0},"end":{"line":101,"column":65}},"101":{"start":{"line":102,"column":0},"end":{"line":102,"column":8}},"102":{"start":{"line":103,"column":0},"end":{"line":103,"column":13}},"103":{"start":{"line":104,"column":0},"end":{"line":104,"column":19}},"104":{"start":{"line":105,"column":0},"end":{"line":105,"column":20}},"105":{"start":{"line":106,"column":0},"end":{"line":106,"column":22}},"106":{"start":{"line":107,"column":0},"end":{"line":107,"column":19}},"107":{"start":{"line":108,"column":0},"end":{"line":108,"column":26}},"108":{"start":{"line":109,"column":0},"end":{"line":109,"column":8}},"109":{"start":{"line":110,"column":0},"end":{"line":110,"column":14}},"110":{"start":{"line":111,"column":0},"end":{"line":111,"column":25}},"111":{"start":{"line":112,"column":0},"end":{"line":112,"column":25}},"112":{"start":{"line":113,"column":0},"end":{"line":113,"column":19}},"113":{"start":{"line":114,"column":0},"end":{"line":114,"column":22}},"114":{"start":{"line":115,"column":0},"end":{"line":115,"column":28}},"115":{"start":{"line":116,"column":0},"end":{"line":116,"col
[...]
,"loc":{"start":{"line":456,"column":30},"end":{"line":475,"column":5}},"locations":[{"start":{"line":456,"column":30},"end":{"line":475,"column":5}}]},"103":{"type":"branch","line":465,"loc":{"start":{"line":465,"column":43},"end":{"line":465,"column":55}},"locations":[{"start":{"line":465,"column":43},"end":{"line":465,"column":55}}]},"104":{"type":"branch","line":469,"loc":{"start":{"line":469,"column":45},"end":{"line":469,"column":59}},"locations":[{"start":{"line":469,"column":45},"end":{"line":469,"column":59}}]},"105":{"type":"branch","line":472,"loc":{"start":{"line":472,"column":15},"end":{"line":472,"column":63}},"locations":[{"start":{"line":472,"column":15},"end":{"line":472,"column":63}}]},"106":{"type":"branch","line":472,"loc":{"start":{"line":472,"column":63},"end":{"line":474,"column":7}},"locations":[{"start":{"line":472,"column":63},"end":{"line":474,"column":7}}]},"107":{"type":"branch","line":439,"loc":{"start":{"line":439,"column":38},"end":{"line":443,"column":3}},"locations":[{"start":{"line":439,"column":38},"end":{"line":443,"column":3}}]},"108":{"type":"branch","line":440,"loc":{"start":{"line":440,"column":20},"end":{"line":440,"column":61}},"locations":[{"start":{"line":440,"column":20},"end":{"line":440,"column":61}}]},"109":{"type":"branch","line":441,"loc":{"start":{"line":441,"column":20},"end":{"line":441,"column":61}},"locations":[{"start":{"line":441,"column":20},"end":{"line":441,"column":61}}]},"110":{"type":"branch","line":451,"loc":{"start":{"line":451,"column":43},"end":{"line":454,"column":5}},"locations":[{"start":{"line":451,"column":43},"end":{"line":454,"column":5}}]},"111":{"type":"branch","line":452,"loc":{"start":{"line":452,"column":22},"end":{"line":452,"column":63}},"locations":[{"start":{"line":452,"column":22},"end":{"line":452,"column":63}}]}},"b":{"0":[6383],"1":[19],"2":[1],"3":[18],"4":[0],"5":[18],"6":[0],"7":[1],"8":[17],"9":[18],"10":[1413],"11":[1413],"12":[1413],"13":[1413],"14":[1],"15":[1412],"16":[1],"17":[1411],"18":[1409],"19":[2],"20":[1],"21":[2604],"22":[0],"23":[2493],"24":[111],"25":[3],"26":[288],"27":[112],"28":[112],"29":[288],"30":[190],"31":[98],"32":[14],"33":[288],"34":[98],"35":[192],"36":[190],"37":[4608],"38":[96],"39":[4512],"40":[94],"41":[190],"42":[96],"43":[94],"44":[0],"45":[192],"46":[0],"47":[190],"48":[288],"49":[1440],"50":[0],"51":[12],"52":[288],"53":[12],"54":[276],"55":[132],"56":[144],"57":[12],"58":[132],"59":[23],"60":[265],"61":[1104],"62":[26496],"63":[1104],"64":[1],"65":[1103],"66":[1],"67":[1102],"68":[1101],"69":[1],"70":[0],"71":[12],"72":[1105],"73":[1152],"74":[95],"75":[1057],"76":[106080],"77":[54261],"78":[1105],"79":[48],"80":[1105],"81":[1152],"82":[1057],"83":[96],"84":[95],"85":[2304],"86":[48],"87":[2256],"88":[47],"89":[95],"90":[48],"91":[47],"92":[0],"93":[96],"94":[0],"95":[95],"96":[1152],"97":[3456],"98":[0],"99":[9],"100":[4],"101":[0],"102":[2],"103":[0],"104":[1],"105":[0],"106":[0],"107":[3],"108":[0],"109":[0],"110":[4],"111":[0]},"fnMap":{"0":{"name":"roundTo","decl":{"start":{"line":19,"column":0},"end":{"line":22,"column":1}},"loc":{"start":{"line":19,"column":0},"end":{"line":22,"column":1}},"line":19},"1":{"name":"calculateGlucoseMetrics","decl":{"start":{"line":24,"column":7},"end":{"line":119,"column":1}},"loc":{"start":{"line":24,"column":7},"end":{"line":119,"column":1}},"line":24},"2":{"name":"getPercentile","decl":{"start":{"line":130,"column":0},"end":{"line":140,"column":1}},"loc":{"start":{"line":130,"column":0},"end":{"line":140,"column":1}},"line":130},"3":{"name":"calculateAGPPercentiles","decl":{"start":{"line":142,"column":7},"end":{"line":243,"column":1}},"loc":{"start":{"line":142,"column":7},"end":{"line":243,"column":1}},"line":142},"4":{"name":"convert","decl":{"start":{"line":226,"column":20},"end":{"line":232,"column":6}},"loc":{"start":{"line":226,"column":20},"end":{"line":232,"column":6}},"line":226},"5":{"name":"calculateHourlyTIR","decl":{"start":{"line":255,"column":7},"end":{"line":321,"column":1}},"loc":{"start":{"line":255,"column":7},"end":{"line":321,"column":1}},"line":255},"6":{"name":"calculate15MinGlucoseStats","decl":{"start":{"line":331,"column":7},"end":{"line":435,"column":1}},"loc":{"start":{"line":331,"column":7},"end":{"line":435,"column":1}},"line":331},"7":{"name":"convert","decl":{"start":{"line":419,"column":20},"end":{"line":425,"column":6}},"loc":{"start":{"line":419,"column":20},"end":{"line":425,"column":6}},"line":419},"8":{"name":"deduplicateTreatments","decl":{"start":{"line":437,"column":7},"end":{"line":479,"column":1}},"loc":{"start":{"line":437,"column":7},"end":{"line":479,"column":1}},"line":437}},"f":{"0":6383,"1":19,"2":2604,"3":3,"4":1440,"5":12,"6":12,"7":3456,"8":9}}
,"/home/clark/dev/nightscout-lucid/src/utils/nightscout.ts": {"path":"/home/clark/dev/nightscout-lucid/src/utils/nightscout.ts","all":false,"statementMap":{"0":{"start":{"line":1,"column":0},"end":{"line":1,"column":26}},"48":{"start":{"line":49,"column":0},"end":{"line":49,"column":25}},"49":{"start":{"line":50,"column":0},"end":{"line":50,"column":17}},"50":{"start":{"line":51,"column":0},"end":{"line":51,"column":18}},"53":{"start":{"line":54,"column":0},"end":{"line":54,"column":31}},"54":{"start":{"line":55,"column":0},"end":{"line":55,"column":26}},"55":{"start":{"line":56,"column":0},"end":{"line":56,"column":24}},"57":{"start":{"line":58,"column":0},"end":{"line":58,"column":43}},"58":{"start":{"line":59,"column":0},"end":{"line":59,"column":26}},"60":{"start":{"line":61,"column":0},"end":{"line":61,"column":42}},"61":{"start":{"line":62,"column":0},"end":{"line":62,"column":23}},"62":{"start":{"line":63,"column":0},"end":{"line":63,"column":3}},"64":{"start":{"line":65,"column":0},"end":{"line":65,"column":31}},"65":{"start":{"line":66,"column":0},"end":{"line":66,"column":24}},"66":{"start":{"line":67,"column":0},"end":{"line":67,"column":3}},"68":{"start":{"line":69,"column":0},"end":{"line":69,"column":42}},"69":{"start":{"line":70,"column":0},"end":{"line":70,"column":23}},"70":{"start":{"line":71,"column":0},"end":{"line":71,"column":9}},"71":{"start":{"line":72,"column":0},"end":{"line":72,"column":31}},"72":{"start":{"line":73,"column":0},"end":{"line":73,"column":13}},"73":{"start":{"line":74,"column":0},"end":{"line":74,"column":44}},"74":{"start":{"line":75,"column":0},"end":{"line":75,"column":5}},"76":{"start":{"line":77,"column":0},"end":{"line":77,"column":60}},"77":{"start":{"line":78,"column":0},"end":{"line":78,"column":65}},"78":{"start":{"line":79,"column":0},"end":{"line":79,"column":5}},"79":{"start":{"line":80,"column":0},"end":{"line":80,"column":3}},"81":{"start":{"line":82,"column":0},"end":{"line":82,"column":50}},"82":{"start":{"line":83,"column":0},"end":{"line":83,"column":50}},"83":{"start":{"line":84,"column":0},"end":{"line":84,"column":16}},"84":{"start":{"line":85,"column":0},"end":{"line":85,"column":5}},"86":{"start":{"line":87,"column":0},"end":{"line":87,"column":35}},"87":{"start":{"line":88,"column":0},"end":{"line":88,"column":35}},"88":{"start":{"line":89,"column":0},"end":{"line":89,"column":5}},"90":{"start":{"line":91,"column":0},"end":{"line":91,"column":38}},"91":{"start":{"line":92,"column":0},"end":{"line":92,"column":3}},"93":{"start":{"line":94,"column":0},"end":{"line":94,"column":66}},"94":{"start":{"line":95,"column":0},"end":{"line":95,"column":49}},"95":{"start":{"line":96,"column":0},"end":{"line":96,"column":55}},"96":{"start":{"line":97,"column":0},"end":{"line":97,"column":5}},"97":{"start":{"line":98,"column":0},"end":{"line":98,"column":14}},"98":{"start":{"line":99,"column":0},"end":{"line":99,"column":3}},"100":{"start":{"line":101,"column":0},"end":{"line":101,"column":25}},"101":{"start":{"line":102,"column":0},"end":{"line":102,"column":21}},"102":{"start":{"line":103,"column":0},"end":{"line":103,"column":49}},"103":{"start":{"line":104,"column":0},"end":{"line":104,"column":17}},"104":{"start":{"line":105,"column":0},"end":{"line":105,"column":48}},"105":{"start":{"line":106,"column":0},"end":{"line":106,"column":44}},"106":{"start":{"line":107,"column":0},"end":{"line":107,"column":40}},"107":{"start":{"line":108,"column":0},"end":{"line":108,"column":23}},"108":{"start":{"line":109,"column":0},"end":{"line":109,"column":43}},"109":{"start":{"line":110,"column":0},"end":{"line":110,"column":21}},"110":{"start":{"line":111,"column":0},"end":{"line":111,"column":6}},"112":{"start":{"line":113,"column":0},"end":{"line":113,"column":9}},"113":{"start":{"line":114,"column":0},"end":{"line":114,"column":80}},"114":{"start":{"line":115,"column":0},"end":{"line":115,"column":27}},"115":{"start":{"line":116,"column":0},"end":{"line":116,"column":26}},"116":{"start":{"line":117,"column":0},"end":{"line":117,"column":38}},"117":{"start":{"line":118,"column":0},"end":{"line":118,"column":45}},"118":{"start":{"line":119,"column":0},"end":{"line":119,"column":62}},"119":{"start":{"line":120,"column":0},"end":{"line":120,"column":9}},"120":{"start":{"line":121,"column":0},"end":{"line":121,"column":62}},"121":{"start":{"line":122,"column":0},"end":{"line":122,"column":26}},"122":{"start":{"line":123,"column":0},"end":{"line":123,"column":169}},"123":{"start":{"line":124,"column":0},"end":{"line":124,"column":12}},"124":{"start":{"line":125,"column":0},"end":{"line":125,"column":9}},"125":{"start":{"line":126,"column":0},"end":{"line":126,"column":7}},"126":{"start":{"line":127,"column":0},"end":{"line":127,"column":57}},"127":{"start":{"line":128,"column":0},"end":{"line":128,"column":5}},"128":{"start":{"line":129,"column":0},"end":{"line":129,"column":3}},"130":{"start":{"line":131,"column":0},"end":{"line":131,"column":79}},"131":{"start":{"line":132,"column":0},"end":{"line":132,"column":36}},"132":{"start":{"line":133,"column":0},"end":{"line":133,"column":32}},"134":{"start":{"line":135,"column":0},"end":{"line":135,"column":56}},"135":{"start":{"line":136,"column":0},"end":{"line":136,"column":33}},"136":{"start":{"line":137,"column":0},"end":{"line":137,"column":7}},"137":{"start":{"line":138,"column":0},"end":{"line":138,"column":37}},"138":{"start":{"line":139,"column":0},"end":{"line":139,"column":35}},"139":{"start":{"line":140,"column":0},"end":{"line":140,"column":21}},"140":{"start":{"line":141,"column":0},"end":{"line":141,"column":8}},"141":{"start":{"line":142,"column":0},"end":{"line":142,"column":6}},"143":{"start":{"line":144,"column":0},"end":{"line":144,"column":85}},"144":{"start":{"line":145,"column":0},"end":{"line":145,"column":3}},"146":{"start":{"line":147,"column":0},"end":{"line":147,"column":86}},"147":{"start":{"line":148,"column":0},"end":{"line":148,"column":36}},"148":{"start":{"line":149,"column":0},"end":{"line":149,"column":32}},"150":{"start":{"line":151,"column":0},"end":{"line":151,"column":63}},"151":{"start":{"line":152,"column":0},"end":{"line":152,"column":32}},"152":{"start":{"line":153,"column":0},"end":{"line":153,"column":7}},"153":{"start":{"line":154,"column":0},"end":{"line":154,"column":53}},"154":{"start":{"line":155,"column":0},"end":{"line":155,"column":51}},"155":{"start":{"line":156,"column":0},"end":{"line":156,"column":21}},"156":{"start":{"line":157,"column":0},"end":{"line":157,"column":8}},"157":{"start":{"line":158,"column":0},"end":{"line":158,"column":6}},"159":{"start":{"line":160,"column":0},"end":{"line":160,"column":45}},"160":{"start":{"line":161,"column":0},"end":{"line":161,"column":78}},"161":{"start":{"line":162,"column":0},"end":{"line":162,"column":48}},"162":{"start":{"line":163,"column":0},"end":{"line":163,"column":7}},"163":{"start":{"line":164,"column":0},"end":{"line":164,"column":3}},"165":{"start":{"line":166,"column":0},"end":{"line":166,"column":61}},"166":{"start":{"line":167,"column":0},"end":{"line":167,"column":62}},"167":{"start":{"line":168,"column":0},"end":{"line":168,"column":3}},"168":{"start":{"line":169,"column":0},"end":{"line":169,"column":1}}},"s":{"0":1,"48":1,"49":1,"50":1,"53":1,"54":13,"55":13,"57":13,"58":13,"60":13,"61":13,"62":13,"64":13,"65":1,"66":1,"68":13,"69":13,"70":13,"71":13,"72":13,"73":1,"74":1,"76":13,"77":1,"78":1,"79":13,"81":13,"82":6,"83":1,"84":1,"86":6,"87":1,"88":1,"90":4,"91":6,"93":13,"94":6,"95":1,"96":1,"97":5,"98":6,"100":13,"101":3,"102":3,"103":3,"104":3,"105":3,"106":3,"107":3,"108":3,"109":3,"110":3,"112":3,"113":3,"114":1,"115":3,"116":2,"117":2,"118":1,"119":1,"120":2,"121":1,"122":1,"123":1,"124":1,"125":2,"126":2,"127":2,"128":3,"130":13,"131":3,"132":3,"134":3,"135":3,"136":3,"137":3,"138":3,"139":3,"140":3,"141":3,"143":1,"144":3,"146":13,"147":0,"148":0,"150":0,"151":0,"152":0,"153":0,"154":0,"155":0,"156":0,"157":0,"159":0,"160":0,"161":0,"162":0,"163":0,"165":13,"166":0,"167":0,"168":13},"branchMap":{"0":{"type":"branch","line":49,"loc":{"start":{"line":49,"column":7},"end":{"line":49,"column":25}},"locations":[{"start":{"line":49,"column":7},"end":{"line":49,"column":25}}]},"1":{"type":"branch","line":54,"loc":{"start":{"line":54,"column":30},"end":{"line":169,"column":1}},"locations":[{"start":{"line":54,"column":30},"end":{"line":169,"column":1}}]},"2":{"type":"branch","line":58,"loc":{"start":{"line":58,"column":2},"end":{"line":63,"column":3}},"locations":[{"start":{"line":58,"column":2},"end":{"line":63,"column":3}}]},"3":{"type":"branch","line":65,"loc":{"start":{"line":65,"column":9},"end":{"line":67,"column":3}},"locations":[{"start":{"line":65,"column":9},"end":{"line":67,"column":3}}]},"4":{"type":"branch","line":69,"loc":{"start":{"line":69,"column":10},"end":{"line":80,"column":3}},"locations":[{"start":{"line":69,"column":10},"end":{"line":80,"column":3}}]},"5":{"type":"branch","line":73,"loc":{"start":{"line":73,"column":4},"end":{"line":75,"column":5}},"locations":[{"start":{"line":73,"column":4},"end":{"line":75,"column":5}}]},"6":{"type":"branch","line":75,"loc":{"start":{"line":75,"column":4},"end":{"line":77,"column":59}},"locations":[{"start":{"line":75,"column":4},"end":{"line":77,"column":59}}]},"7":{"type":"branch","line":77,"loc":{"start":{"line":77,"column":59},"end":{"line":79,"column":5}},"locations":[{"start":{"line":77,"column":59},"end":{"line":79,"column":5}}]},"8":{"type":"branch","line":82,"loc":{"start":{"line":82,"column":9},"end":{"line":92,"column":3}},"locations":[{"start":{"line":82,"column":9},"end":{"line":92,"column":3}}]},"9":{"type":"branch","line":83,"loc":{"start":{"line":83,"column":49},"end":{"line":85,"column":5}},"locations":[{"start":{"line":83,"column":49},"end":{"line":85,"column":5}}]},"10":{"type":"branch","line":85,"loc":{"start":{"line":85,"column":4},"end":{"line":87,"column":34}},"locations":[{"start":{"line":85,"column":4},"end":{"line":87,"column":34}}]},"11":{"type":"branch","line":87,"loc":{"start":{"line":87,"column":34},"end":{"line":89,"column":5}},"locations":[{"start":{"line":87,"column":34},"end":{"line":89,"column":5}}]},"12":{"type":"branch","line":89,"loc":{"start":{"line":89,"column":4},"end":{"line":91,"column":38}},"locations":[{"start":{"line":89,"column":4},"end":{"line":91,"column":38}}]},"13":{"type":"branch","line":94,"loc":{"start":{"line":94,"column":2},"end":{"line":99,"column":3}},"locations":[{"start":{"line":94,"column":2},"end":{"line":99,"column":3}}]},"14":{"type":"branch","line":95,"loc":{"start":{"line":95,"column":48},"end":{"line":97,"column":5}},"locations":[{"start":{"line":95,"column":48},"end":{"line":97,"column":5}}]},"15":{"type":"branch","line":97,"loc":{"start":{"line":97,"column":4},"end":{"line":98,"column":14}},"locations":[{"start":{"line":97,"column":4},"end":{"line":98,"column":14}}]},"16":{"type":"branch","line":101,"loc":{"start":{"line":101,"column":2},"end":{"line":129,"column":3}},"locations":[{"start":{"line":101,"column":2},"end":{"line":129,"column":3}}]},"17":{"type":"branch","line":114,"loc":{"start":{"line":114,"column":78},"end":{"line":116,"column":13}},"locations":[{"start":{"line":114,"column":78},"end":{"line":116,"column":13}}]},"18":{"type":"branch","line":116,"loc":{"start":{"line":116,"column":4},"end":{"line":128,"column":5}},"locations":[{"start":{"line":116,"column":4},"end":{"line":128,"column":5}}]},"19":{"type":"branch","line":118,"loc":{"start":{"line":118,"column":18},"end":{"line":118,"column":39}},"locations":[{"start":{"line":118,"column":18},"end":{"line":118,"column":39}}]},"20":{"type":"branch","line":118,"loc":{"start":{"line":118,"column":44},"end":{"line":121,"column":44}},"locations":[{"start":{"line":118,"column":44},"end":{"line":121,"column":44}}]},"21":{"type":"branch","line":121,"loc":{"start":{"line":121,"column":27},"end":{"line":121,"column":61}},"locations":[{"start":{"line":121,"column":27},"end":{"line":121,"column":61}}]},"22":{"type":"branch","line":121,"loc":{"start":{"line":121,"column":61},"end":{"line":125,"column":9}},"locations":[{"start":{"line":121,"column":61},"end":{"line":125,"column":9}}]},"23":{"type":"branch","line":126,"loc":{"start":{"line":126,"column":6},"end":{"line":127,"column":40}},"locations":[{"start":{"line":126,"column":6},"end":{"line":127,"column":40}}]},"24":{"type":"branch","line":127,"loc":{"start":{"line":127,"column":29},"end":{"line":127,"column":55}},"locations":[{"start":{"line":127,"column":29},"end":{"line":127,"column":55}}]},"25":{"type":"branch","line":131,"loc":{"start":{"line":131,"column":2},"end":{"line":145,"column":3}},"locations":[{"start":{"line":131,"column":2},"end":{"line":145,"column":3}}]},"26":{"type":"branch","line":142,"loc":{"start":{"line":142,"column":4},"end":{"line":144,"column":85}},"locations":[{"start":{"line":142,"column":4},"end":{"line":144,"column":85}}]},"27":{"type":"branch","line":144,"loc":{"start":{"line":144,"column":26},"end":{"line":144,"column":83}},"locations":[{"start":{"line":144,"column":26},"end":{"line":144,"column":83}}]}},"b":{"0":[8],"1":[13],"2":[13],"3":[1],"4":[13],"5":[1],"6":[12],"7":[1],"8":[6],"9":[1],"10":[5],"11":[1],"12":[4],"13":[6],"14":[1],"15":[5],"16":[3],"17":[1],"18":[2],"19":[1],"20":[1],"21":[0],"22":[1],"23":[0],"24":[0],"25":[3],"26":[1],"27":[2]},"fnMap":{"0":{"name":"<instance_members_initializer>","decl":{"start":{"line":54,"column":30},"end":{"line":169,"column":1}},"loc":{"start":{"line":54,"column":30},"end":{"line":169,"column":1}},"line":54},"1":{"name":"NightscoutClient","decl":{"start":{"line":58,"column":2},"end":{"line":63,"column":3}},"loc":{"start":{"line":58,"column":2},"end":{"line":63,"column":3}},"line":58},"2":{"name":"getBaseUrl","decl":{"start":{"line":65,"column":9},"end":{"line":67,"column":3}},"loc":{"start":{"line":65,"column":9},"end":{"line":67,"column":3}},"line":65},"3":{"name":"validateUrl","decl":{"start":{"line":69,"column":10},"end":{"line":80,"column":3}},"loc":{"start":{"line":69,"column":10},"end":{"line":80,"column":3}},"line":69},"4":{"name":"getAuthParams","decl":{"start":{"line":82,"column":9},"end":{"line":92,"column":3}},"loc":{"start":{"line":82,"column":9},"end":{"line":92,"column":3}},"line":82},"5":{"name":"getAuthHeaders","decl":{"start":{"line":94,"column":2},"end":{"line":99,"column":3}},"loc":{"start":{"line":94,"column":2},"end":{"line":99,"column":3}},"line":94},"6":{"name":"fetch","decl":{"start":{"line":101,"column":2},"end":{"line":129,"column":3}},"loc":{"start":{"line":101,"column":2},"end":{"line":129,"column":3}},"line":101},"7":{"name":"fetchEntries","decl":{"start":{"line":131,"column":2},"end":{"line":145,"column":3}},"loc":{"start":{"line":131,"column":2},"end":{"line":145,"column":3}},"line":131},"8":{"name":"fetchTreatments","decl":{"start":{"line":147,"column":2},"end":{"line":164,"column":3}},"loc":{"start":{"line":147,"column":2},"end":{"line":164,"column":3}},"line":147},"9":{"name":"fetchProfile","decl":{"start":{"line":166,"column":2},"end":{"line":168,"column":3}},"loc":{"start":{"line":166,"column":2},"end":{"line":168,"column":3}},"line":166}},"f":{"0":13,"1":13,"2":1,"3":13,"4":6,"5":6,"6":3,"7":3,"8":0,"9":0}}
}
